#
# A fatal error has been detected by the Java Runtime Environment:
#
#  EXCEPTION_ACCESS_VIOLATION (0xc0000005) at pc=0x00007fff219ecb86, pid=4012, tid=17356
#
# JRE version: OpenJDK Runtime Environment Corretto-17.0.13.11.1 (17.0.13+11) (build 17.0.13+11-LTS)
# Java VM: OpenJDK 64-Bit Server VM Corretto-17.0.13.11.1 (17.0.13+11-LTS, mixed mode, sharing, tiered, compressed oops, compressed class ptrs, g1 gc, windows-amd64)
# Problematic frame:
# V  [jvm.dll+0xcb86]
#
# No core dump will be written. Minidumps are not enabled by default on client versions of Windows
#
# If you would like to submit a bug report, please visit:
#   https://github.com/corretto/corretto-17/issues/
#

---------------  S U M M A R Y ------------

Command Line: --add-opens=java.base/java.util=ALL-UNNAMED --add-opens=java.base/java.lang=ALL-UNNAMED --add-opens=java.base/java.lang.invoke=ALL-UNNAMED --add-opens=java.prefs/java.util.prefs=ALL-UNNAMED --add-opens=java.base/java.nio.charset=ALL-UNNAMED --add-opens=java.base/java.net=ALL-UNNAMED --add-opens=java.base/java.util.concurrent.atomic=ALL-UNNAMED -Xmx3072m -Dfile.encoding=UTF-8 -Duser.country=CN -Duser.language=zh -Duser.variant -javaagent:C:\Users\maqiy\.gradle\wrapper\dists\gradle-8.7-bin\bhs2wmbdwecv87pi65oeuq5iu\gradle-8.7\lib\agents\gradle-instrumentation-agent-8.7.jar org.gradle.launcher.daemon.bootstrap.GradleDaemon 8.7

Host: Intel(R) Core(TM) i5-9600KF CPU @ 3.70GHz, 6 cores, 15G,  Windows 11 , 64 bit Build 22621 (10.0.22621.2506)
Time: Sun Dec 29 03:29:22 2024  Windows 11 , 64 bit Build 22621 (10.0.22621.2506) elapsed time: 1857.616124 seconds (0d 0h 30m 57s)

---------------  T H R E A D  ---------------

Current thread (0x0000029e8f65ed20):  ConcurrentGCThread "G1 Conc#0" [stack: 0x000000bc7eb00000,0x000000bc7ec00000] [id=17356]

Stack: [0x000000bc7eb00000,0x000000bc7ec00000],  sp=0x000000bc7ebff5a8,  free space=1021k
Native frames: (J=compiled Java code, j=interpreted, Vv=VM code, C=native code)
V  [jvm.dll+0xcb86]


siginfo: EXCEPTION_ACCESS_VIOLATION (0xc0000005), reading address 0x0000029fae81a408


Registers:
RAX=0x0000000000000000, RBX=0x0000029e8f650a01, RCX=0x0000000747725628, RDX=0x0000000747725628
RSP=0x000000bc7ebff5a8, RBP=0x0000000000000001, RSI=0x0000029e8f6509b0, RDI=0x0000000747725628
R8 =0x0000029eaa61c958, R9 =0x0000029fae81a400, R10=0x000000000000003b, R11=0x0000000000000003
R12=0x0000000000000000, R13=0xaaaaaaaaaaaaaaab, R14=0x0000000000000001, R15=0x000000bc7ebff730
RIP=0x00007fff219ecb86, EFLAGS=0x0000000000010206


Register to memory mapping:

RIP=0x00007fff219ecb86 jvm.dll
RAX=0x0 is NULL
RBX=0x0000029e8f650a01 points into unknown readable memory: 9c 33 22 ff 7f 00 00
RCX=
[error occurred during error reporting (printing register info), id 0xc0000005, EXCEPTION_ACCESS_VIOLATION (0xc0000005) at pc=0x00007fff21cb60f1]

Top of Stack: (sp=0x000000bc7ebff5a8)
0x000000bc7ebff5a8:   00007fff21cb96d8 0000429a1796f27d
0x000000bc7ebff5b8:   000000bc7ebff770 00000007477248d8
0x000000bc7ebff5c8:   00007fff21cb935f 0000000747725628
0x000000bc7ebff5d8:   00007fff21cb935f 0000029e8f664580
0x000000bc7ebff5e8:   000000bc7ebff770 000000074772496c
0x000000bc7ebff5f8:   00007fff21cb758d 000000bc7ebff770
0x000000bc7ebff608:   00007fff21cb7bad 0000000747724918
0x000000bc7ebff618:   00007fff21cb71d1 000000bc7ebff730
0x000000bc7ebff628:   0000000000000001 0000029eb0001528
0x000000bc7ebff638:   00007fff21cb71d1 0000000000000013
0x000000bc7ebff648:   00000007477248d8 000000bc7ebff770
0x000000bc7ebff658:   0000000000000000 0000029e8f664580
0x000000bc7ebff668:   00007fff21ccca5e 00000007477248d8
0x000000bc7ebff678:   0000029e8f650a00 000000bc7ebff730
0x000000bc7ebff688:   0000029e8f650a00 00000007477248d8
0x000000bc7ebff698:   00007fff21cc9361 0000000000ee491b
0x000000bc7ebff6a8:   0000000000000000 000000074188a660
0x000000bc7ebff6b8:   00007fff21cca8c4 0000000000f00000
0x000000bc7ebff6c8:   00007fff21ccacbc 00000007477248c0
0x000000bc7ebff6d8:   0000000000ee491b 00000000004ead9a
0x000000bc7ebff6e8:   0000000000000000 0000000000000001
0x000000bc7ebff6f8:   0000000000000001 0000029e8f664580
0x000000bc7ebff708:   00007fff21cc9c94 0000000000000555
0x000000bc7ebff718:   0000000000000000 000000bc7eaff701
0x000000bc7ebff728:   0000000000000000 0000029e8f6509b0
0x000000bc7ebff738:   0000029e8f664580 0000000747600000
0x000000bc7ebff748:   0000000000040000 0000000747600000
0x000000bc7ebff758:   0000000000040000 0000000000000000
0x000000bc7ebff768:   000000000047868c 00007fff22339c38
0x000000bc7ebff778:   0000029eafc55d80 0000000700000003
0x000000bc7ebff788:   0000029e8f60ad50 0000029e8f664580
0x000000bc7ebff798:   00007fff22031013 c215b08487fe1fbe 

Instructions: (pc=0x00007fff219ecb86)
0x00007fff219eca86:   cc cc cc cc cc cc cc cc cc cc 4c 8b 01 4c 8b c9
0x00007fff219eca96:   48 8b 0d 33 01 b7 00 ba 64 60 08 00 e9 49 f1 ff
0x00007fff219ecaa6:   ff cc cc cc cc cc cc cc cc cc 8b 05 52 48 b1 00
0x00007fff219ecab6:   c3 cc cc cc cc cc cc cc cc cc 0f b6 05 52 0a b8
0x00007fff219ecac6:   00 48 8b d1 84 c0 74 16 44 8b 41 08 8b 0d 30 48
0x00007fff219ecad6:   b1 00 49 d3 e0 4c 03 05 1e 48 b1 00 eb 04 4c 8b
0x00007fff219ecae6:   41 08 45 8b 50 08 45 85 d2 7e 0e 41 f6 c2 01 75
0x00007fff219ecaf6:   53 41 c1 fa 03 41 8b c2 c3 79 49 84 c0 b9 10 00
0x00007fff219ecb06:   00 00 8b 05 36 57 b1 00 41 b8 0c 00 00 00 41 0f
0x00007fff219ecb16:   45 c8 ff c8 4c 63 c8 48 63 14 11 41 8b ca 83 e1
0x00007fff219ecb26:   3f 48 d3 e2 41 8b ca 48 c1 f9 10 0f b6 c1 49 8d
0x00007fff219ecb36:   0c 11 49 f7 d1 48 03 c1 49 c1 e9 03 48 c1 e8 03
0x00007fff219ecb46:   41 23 c1 c3 49 8b 00 49 8b c8 48 ff a0 00 01 00
0x00007fff219ecb56:   00 cc cc cc cc cc cc cc cc cc 8b 44 24 30 45 03
0x00007fff219ecb66:   c9 44 2b 4c 24 28 83 c0 0b 44 03 ca 45 03 c8 41
0x00007fff219ecb76:   03 c1 c3 cc cc cc cc cc cc cc 4c 8b ca 48 8b d1
0x00007fff219ecb86:   45 8b 41 08 45 85 c0 7e 0e 41 f6 c0 01 75 56 41
0x00007fff219ecb96:   c1 f8 03 41 8b c0 c3 79 4c 80 3d 73 09 b8 00 00
0x00007fff219ecba6:   b8 0c 00 00 00 b9 10 00 00 00 0f 45 c8 8b 05 8b
0x00007fff219ecbb6:   56 b1 00 ff c8 4c 63 c8 48 63 14 11 41 8b c8 83
0x00007fff219ecbc6:   e1 3f 48 d3 e2 41 8b c8 48 c1 f9 10 0f b6 c1 49
0x00007fff219ecbd6:   8d 0c 11 49 f7 d1 48 03 c1 49 c1 e9 03 48 c1 e8
0x00007fff219ecbe6:   03 41 23 c1 c3 49 8b 01 49 8b c9 48 ff a0 00 01
0x00007fff219ecbf6:   00 00 cc cc cc cc cc cc cc cc 48 8b 41 08 0f b7
0x00007fff219ecc06:   48 2a 0f b7 40 28 83 c0 48 03 c1 c3 cc cc cc cc
0x00007fff219ecc16:   cc cc cc cc cc cc cc cc cc cc 48 89 5c 24 08 57
0x00007fff219ecc26:   48 83 ec 20 0f b6 05 ff f4 bb 00 48 8b fa 48 8b
0x00007fff219ecc36:   d9 84 c0 74 4f 48 85 15 16 ed bb 00 74 38 48 8b
0x00007fff219ecc46:   ca e8 d4 d9 85 00 48 8b d0 48 85 db 74 25 48 85
0x00007fff219ecc56:   c0 74 20 48 8b c7 f0 48 0f b1 13 74 16 48 85 05
0x00007fff219ecc66:   ee ec bb 00 74 0d 48 8b c8 f0 48 0f b1 13 48 3b
0x00007fff219ecc76:   c1 75 ea 48 8b fa 48 8b c7 48 8b 5c 24 30 48 83 


Stack slot to memory mapping:
stack at sp + 0 slots: 0x00007fff21cb96d8 jvm.dll
stack at sp + 1 slots: 0x0000429a1796f27d is an unknown value
stack at sp + 2 slots: 0x000000bc7ebff770 points into unknown readable memory: 0x00007fff22339c38 | 38 9c 33 22 ff 7f 00 00
stack at sp + 3 slots: 0x00000007477248d8 is an oop: [Ljava.lang.Object; 
{0x00000007477248d8} - klass: 'java/lang/Object'[]
 - length: 33
stack at sp + 4 slots: 0x00007fff21cb935f jvm.dll
stack at sp + 5 slots: 
[error occurred during error reporting (inspecting top of stack), id 0xc0000005, EXCEPTION_ACCESS_VIOLATION (0xc0000005) at pc=0x00007fff21cb60f1]


---------------  P R O C E S S  ---------------

Threads class SMR info:
_java_thread_list=0x0000029efc8a3350, length=74, elements={
0x0000029e8f5f7690, 0x0000029eafc6c6d0, 0x0000029eafc6d550, 0x0000029eafc88e90,
0x0000029eafc8a9d0, 0x0000029eafc8d9b0, 0x0000029eafc8e980, 0x0000029eafc90350,
0x0000029eafc91010, 0x0000029eafc91e20, 0x0000029ef50f5a60, 0x0000029ef52566f0,
0x0000029ef67d4ea0, 0x0000029ef6890ee0, 0x0000029ef6832a70, 0x0000029ef712ad00,
0x0000029ef712b720, 0x0000029ef71293b0, 0x0000029ef7129dd0, 0x0000029ef712a2e0,
0x0000029ef6e03570, 0x0000029ef6e044a0, 0x0000029ef6e05df0, 0x0000029ef6e06300,
0x0000029efa458300, 0x0000029efa4573d0, 0x0000029efa4578e0, 0x0000029efa45a160,
0x0000029ef7128990, 0x0000029ef6e06810, 0x0000029ef6e03060, 0x0000029ef6e049b0,
0x0000029ef6e03a80, 0x0000029ef54d1800, 0x0000029ef54cf9a0, 0x0000029ef54ccc10,
0x0000029ef54d1d10, 0x0000029ef54d03c0, 0x0000029ef54cbce0, 0x0000029ef54d3150,
0x0000029ef54d2220, 0x0000029ef54d2730, 0x0000029ef54cc1f0, 0x0000029ef54d08d0,
0x0000029ef54d2c40, 0x0000029ef54cd630, 0x0000029ef54cdb40, 0x0000029ef54d0de0,
0x0000029ef54cea70, 0x0000029ef54d12f0, 0x0000029ef54ce050, 0x0000029ef54ce560,
0x0000029efa45bfc0, 0x0000029efa458d20, 0x0000029efa459230, 0x0000029efa4564a0,
0x0000029efa459740, 0x0000029efa45b090, 0x0000029efa456ec0, 0x0000029efa45bab0,
0x0000029efa455060, 0x0000029efa45c9e0, 0x0000029efa455a80, 0x0000029efa455f90,
0x0000029ef712bc30, 0x0000029ef712a7f0, 0x0000029ef712b210, 0x0000029ef8d86050,
0x0000029ef8d84c10, 0x0000029ef8d81970, 0x0000029ef8d86560, 0x0000029ef8d80530,
0x0000029ef8d81e80, 0x0000029ef52e5750
}

Java Threads: ( => current thread )
  0x0000029e8f5f7690 JavaThread "main" [_thread_blocked, id=15868, stack(0x000000bc7e800000,0x000000bc7e900000)]
  0x0000029eafc6c6d0 JavaThread "Reference Handler" daemon [_thread_blocked, id=6180, stack(0x000000bc7ef00000,0x000000bc7f000000)]
  0x0000029eafc6d550 JavaThread "Finalizer" daemon [_thread_blocked, id=17548, stack(0x000000bc7f000000,0x000000bc7f100000)]
  0x0000029eafc88e90 JavaThread "Signal Dispatcher" daemon [_thread_blocked, id=9196, stack(0x000000bc7f100000,0x000000bc7f200000)]
  0x0000029eafc8a9d0 JavaThread "Attach Listener" daemon [_thread_blocked, id=10136, stack(0x000000bc7f200000,0x000000bc7f300000)]
  0x0000029eafc8d9b0 JavaThread "Service Thread" daemon [_thread_blocked, id=16560, stack(0x000000bc7f300000,0x000000bc7f400000)]
  0x0000029eafc8e980 JavaThread "Monitor Deflation Thread" daemon [_thread_blocked, id=11352, stack(0x000000bc7f400000,0x000000bc7f500000)]
  0x0000029eafc90350 JavaThread "C2 CompilerThread0" daemon [_thread_blocked, id=15260, stack(0x000000bc7f500000,0x000000bc7f600000)]
  0x0000029eafc91010 JavaThread "C1 CompilerThread0" daemon [_thread_in_native, id=1268, stack(0x000000bc7f600000,0x000000bc7f700000)]
  0x0000029eafc91e20 JavaThread "Sweeper thread" daemon [_thread_blocked, id=15992, stack(0x000000bc7f700000,0x000000bc7f800000)]
  0x0000029ef50f5a60 JavaThread "Common-Cleaner" daemon [_thread_blocked, id=15984, stack(0x000000bc7f800000,0x000000bc7f900000)]
  0x0000029ef52566f0 JavaThread "Notification Thread" daemon [_thread_blocked, id=7524, stack(0x000000bc7f900000,0x000000bc7fa00000)]
  0x0000029ef67d4ea0 JavaThread "Daemon health stats" [_thread_blocked, id=7136, stack(0x000000bc00100000,0x000000bc00200000)]
  0x0000029ef6890ee0 JavaThread "Incoming local TCP Connector on port 7820" [_thread_in_native, id=8356, stack(0x000000bc00200000,0x000000bc00300000)]
  0x0000029ef6832a70 JavaThread "Daemon periodic checks" [_thread_blocked, id=15904, stack(0x000000bc00300000,0x000000bc00400000)]
  0x0000029ef712ad00 JavaThread "Cache worker for journal cache (C:\Users\maqiy\.gradle\caches\journal-1)" [_thread_blocked, id=5752, stack(0x000000bc00b00000,0x000000bc00c00000)]
  0x0000029ef712b720 JavaThread "File lock request listener" [_thread_in_native, id=9720, stack(0x000000bc00c00000,0x000000bc00d00000)]
  0x0000029ef71293b0 JavaThread "Cache worker for file hash cache (C:\Users\maqiy\.gradle\caches\8.7\fileHashes)" [_thread_blocked, id=8128, stack(0x000000bc00d00000,0x000000bc00e00000)]
  0x0000029ef7129dd0 JavaThread "File watcher server" daemon [_thread_in_native, id=14796, stack(0x000000bc00f00000,0x000000bc01000000)]
  0x0000029ef712a2e0 JavaThread "File watcher consumer" daemon [_thread_blocked, id=18728, stack(0x000000bc01000000,0x000000bc01100000)]
  0x0000029ef6e03570 JavaThread "Cache worker for file content cache (C:\Users\maqiy\.gradle\caches\8.7\fileContent)" [_thread_blocked, id=15484, stack(0x000000bc01500000,0x000000bc01600000)]
  0x0000029ef6e044a0 JavaThread "jar transforms" [_thread_blocked, id=4764, stack(0x000000bc01700000,0x000000bc01800000)]
  0x0000029ef6e05df0 JavaThread "jar transforms Thread 2" [_thread_blocked, id=13160, stack(0x000000bc01800000,0x000000bc01900000)]
  0x0000029ef6e06300 JavaThread "jar transforms Thread 3" [_thread_blocked, id=17068, stack(0x000000bc01a00000,0x000000bc01b00000)]
  0x0000029efa458300 JavaThread "jar transforms Thread 4" [_thread_blocked, id=12416, stack(0x000000bc02500000,0x000000bc02600000)]
  0x0000029efa4573d0 JavaThread "jar transforms Thread 5" [_thread_blocked, id=17016, stack(0x000000bc02800000,0x000000bc02900000)]
  0x0000029efa4578e0 JavaThread "jar transforms Thread 6" [_thread_blocked, id=9032, stack(0x000000bc02900000,0x000000bc02a00000)]
  0x0000029efa45a160 JavaThread "Memory manager" [_thread_blocked, id=19280, stack(0x000000bc02b00000,0x000000bc02c00000)]
  0x0000029ef7128990 JavaThread "RMI Scheduler(0)" daemon [_thread_blocked, id=20120, stack(0x000000bc04100000,0x000000bc04200000)]
  0x0000029ef6e06810 JavaThread "RMI GC Daemon" daemon [_thread_blocked, id=19616, stack(0x000000bc04300000,0x000000bc04400000)]
  0x0000029ef6e03060 JavaThread "RMI TCP Accept-0" daemon [_thread_in_native, id=20016, stack(0x000000bc04400000,0x000000bc04500000)]
  0x0000029ef6e049b0 JavaThread "RMI Reaper" [_thread_blocked, id=11992, stack(0x000000bc04500000,0x000000bc04600000)]
  0x0000029ef6e03a80 JavaThread "RMI TCP Connection(6)-127.0.0.1" daemon [_thread_in_native, id=6412, stack(0x000000bc00400000,0x000000bc00500000)]
  0x0000029ef54d1800 JavaThread "Daemon Thread 5" [_thread_blocked, id=15824, stack(0x000000bc00500000,0x000000bc00600000)]
  0x0000029ef54cf9a0 JavaThread "Handler for socket connection from /127.0.0.1:7820 to /127.0.0.1:12637" [_thread_in_native, id=19104, stack(0x000000bc00600000,0x000000bc00700000)]
  0x0000029ef54ccc10 JavaThread "Cancel handler" [_thread_blocked, id=5684, stack(0x000000bc00700000,0x000000bc00800000)]
  0x0000029ef54d1d10 JavaThread "Daemon worker Thread 5" [_thread_blocked, id=5480, stack(0x000000bc00800000,0x000000bc00900000)]
  0x0000029ef54d03c0 JavaThread "Asynchronous log dispatcher for DefaultDaemonConnection: socket connection from /127.0.0.1:7820 to /127.0.0.1:12637" [_thread_blocked, id=15976, stack(0x000000bc00900000,0x000000bc00a00000)]
  0x0000029ef54cbce0 JavaThread "Stdin handler" [_thread_blocked, id=1856, stack(0x000000bc00a00000,0x000000bc00b00000)]
  0x0000029ef54d3150 JavaThread "Daemon client event forwarder" [_thread_blocked, id=20180, stack(0x000000bc00e00000,0x000000bc00f00000)]
  0x0000029ef54d2220 JavaThread "Cache worker for file hash cache (D:\Code\android\moonlight-transparent\.gradle\8.7\fileHashes)" [_thread_blocked, id=16172, stack(0x000000bc01200000,0x000000bc01300000)]
  0x0000029ef54d2730 JavaThread "Cache worker for checksums cache (D:\Code\android\moonlight-transparent\.gradle\8.7\checksums)" [_thread_blocked, id=16124, stack(0x000000bc01300000,0x000000bc01400000)]
  0x0000029ef54cc1f0 JavaThread "Cache worker for cache directory md-supplier (C:\Users\maqiy\.gradle\caches\8.7\md-supplier)" [_thread_blocked, id=19792, stack(0x000000bc01400000,0x000000bc01500000)]
  0x0000029ef54d08d0 JavaThread "Cache worker for cache directory md-rule (C:\Users\maqiy\.gradle\caches\8.7\md-rule)" [_thread_blocked, id=12236, stack(0x000000bc01900000,0x000000bc01a00000)]
  0x0000029ef54d2c40 JavaThread "Cache worker for Build Output Cleanup Cache (D:\Code\android\moonlight-transparent\.gradle\buildOutputCleanup)" [_thread_blocked, id=13584, stack(0x000000bc01b00000,0x000000bc01c00000)]
  0x0000029ef54cd630 JavaThread "Unconstrained build operations" [_thread_blocked, id=19552, stack(0x000000bc01d00000,0x000000bc01e00000)]
  0x0000029ef54cdb40 JavaThread "Unconstrained build operations Thread 2" [_thread_blocked, id=10464, stack(0x000000bc01e00000,0x000000bc01f00000)]
  0x0000029ef54d0de0 JavaThread "Unconstrained build operations Thread 3" [_thread_blocked, id=14464, stack(0x000000bc01f00000,0x000000bc02000000)]
  0x0000029ef54cea70 JavaThread "Unconstrained build operations Thread 4" [_thread_blocked, id=14676, stack(0x000000bc02000000,0x000000bc02100000)]
  0x0000029ef54d12f0 JavaThread "Unconstrained build operations Thread 5" [_thread_blocked, id=20364, stack(0x000000bc02100000,0x000000bc02200000)]
  0x0000029ef54ce050 JavaThread "build event listener" [_thread_blocked, id=5944, stack(0x000000bc02200000,0x000000bc02300000)]
  0x0000029ef54ce560 JavaThread "build event listener" [_thread_blocked, id=4704, stack(0x000000bc02300000,0x000000bc02400000)]
  0x0000029efa45bfc0 JavaThread "included builds" [_thread_blocked, id=9496, stack(0x000000bc02400000,0x000000bc02500000)]
  0x0000029efa458d20 JavaThread "Execution worker" [_thread_blocked, id=20080, stack(0x000000bc02a00000,0x000000bc02b00000)]
  0x0000029efa459230 JavaThread "Execution worker Thread 2" [_thread_blocked, id=6972, stack(0x000000bc02c00000,0x000000bc02d00000)]
  0x0000029efa4564a0 JavaThread "Execution worker Thread 3" [_thread_blocked, id=8876, stack(0x000000bc02d00000,0x000000bc02e00000)]
  0x0000029efa459740 JavaThread "Execution worker Thread 4" [_thread_blocked, id=9520, stack(0x000000bc02e00000,0x000000bc02f00000)]
  0x0000029efa45b090 JavaThread "Execution worker Thread 5" [_thread_blocked, id=9632, stack(0x000000bc02f00000,0x000000bc03000000)]
  0x0000029efa456ec0 JavaThread "Cache worker for execution history cache (D:\Code\android\moonlight-transparent\.gradle\8.7\executionHistory)" [_thread_blocked, id=20124, stack(0x000000bc03000000,0x000000bc03100000)]
  0x0000029efa45bab0 JavaThread "Exec process Thread 13" [_thread_blocked, id=20276, stack(0x000000bc03100000,0x000000bc03200000)]
  0x0000029efa455060 JavaThread "Exec process Thread 14" [_thread_blocked, id=16252, stack(0x000000bc03200000,0x000000bc03300000)]
  0x0000029efa45c9e0 JavaThread "Exec process Thread 15" [_thread_blocked, id=1420, stack(0x000000bc03300000,0x000000bc03400000)]
  0x0000029efa455a80 JavaThread "Unconstrained build operations Thread 6" [_thread_blocked, id=11628, stack(0x000000bc03400000,0x000000bc03500000)]
  0x0000029efa455f90 JavaThread "Unconstrained build operations Thread 7" [_thread_blocked, id=20464, stack(0x000000bc03500000,0x000000bc03600000)]
  0x0000029ef712bc30 JavaThread "Unconstrained build operations Thread 8" [_thread_blocked, id=8872, stack(0x000000bc03600000,0x000000bc03700000)]
  0x0000029ef712a7f0 JavaThread "Unconstrained build operations Thread 9" [_thread_blocked, id=17888, stack(0x000000bc03700000,0x000000bc03800000)]
  0x0000029ef712b210 JavaThread "Unconstrained build operations Thread 10" [_thread_blocked, id=3472, stack(0x000000bc03800000,0x000000bc03900000)]
  0x0000029ef8d86050 JavaThread "WorkerExecutor Queue" [_thread_in_Java, id=15840, stack(0x000000bc03900000,0x000000bc03a00000)]
  0x0000029ef8d84c10 JavaThread "Unconstrained build operations Thread 11" [_thread_blocked, id=2192, stack(0x000000bc03a00000,0x000000bc03b00000)]
  0x0000029ef8d81970 JavaThread "WorkerExecutor Queue Thread 2" [_thread_blocked, id=18860, stack(0x000000bc03b00000,0x000000bc03c00000)]
  0x0000029ef8d86560 JavaThread "pool-11-thread-1" [_thread_blocked, id=2212, stack(0x000000bc03c00000,0x000000bc03d00000)]
  0x0000029ef8d80530 JavaThread "stderr" [_thread_in_native, id=19496, stack(0x000000bc03d00000,0x000000bc03e00000)]
  0x0000029ef8d81e80 JavaThread "stdout" [_thread_in_native, id=11344, stack(0x000000bc03e00000,0x000000bc03f00000)]
  0x0000029ef52e5750 JavaThread "C2 CompilerThread1" daemon [_thread_in_native, id=11796, stack(0x000000bc01c00000,0x000000bc01d00000)]

Other Threads:
  0x0000029eafc65470 VMThread "VM Thread" [stack: 0x000000bc7ee00000,0x000000bc7ef00000] [id=11072]
  0x0000029ef51916b0 WatcherThread [stack: 0x000000bc7fa00000,0x000000bc7fb00000] [id=10332]
  0x0000029e8f6503a0 GCTaskThread "GC Thread#0" [stack: 0x000000bc7e900000,0x000000bc7ea00000] [id=13484]
  0x0000029ef5ec13c0 GCTaskThread "GC Thread#1" [stack: 0x000000bc7fc00000,0x000000bc7fd00000] [id=14856]
  0x0000029ef5ec1680 GCTaskThread "GC Thread#2" [stack: 0x000000bc7fd00000,0x000000bc7fe00000] [id=13736]
  0x0000029ef5f09980 GCTaskThread "GC Thread#3" [stack: 0x000000bc7fe00000,0x000000bc7ff00000] [id=10712]
  0x0000029ef5f09c40 GCTaskThread "GC Thread#4" [stack: 0x000000bc7ff00000,0x000000bc80000000] [id=3456]
  0x0000029ef5cb8510 GCTaskThread "GC Thread#5" [stack: 0x000000bc00000000,0x000000bc00100000] [id=5168]
  0x0000029e8f65d2f0 ConcurrentGCThread "G1 Main Marker" [stack: 0x000000bc7ea00000,0x000000bc7eb00000] [id=15264]
=>0x0000029e8f65ed20 ConcurrentGCThread "G1 Conc#0" [stack: 0x000000bc7eb00000,0x000000bc7ec00000] [id=17356]
  0x0000029ef8a63510 ConcurrentGCThread "G1 Conc#1" [stack: 0x000000bc01100000,0x000000bc01200000] [id=13132]
  0x0000029eafb240e0 ConcurrentGCThread "G1 Refine#0" [stack: 0x000000bc7ec00000,0x000000bc7ed00000] [id=5956]
  0x0000029ef8495ed0 ConcurrentGCThread "G1 Refine#1" [stack: 0x000000bc01600000,0x000000bc01700000] [id=3892]
  0x0000029ef84f4400 ConcurrentGCThread "G1 Refine#2" [stack: 0x000000bc02600000,0x000000bc02700000] [id=2568]
  0x0000029ef7f2b510 ConcurrentGCThread "G1 Refine#3" [stack: 0x000000bc02700000,0x000000bc02800000] [id=10700]
  0x0000029eafb24b10 ConcurrentGCThread "G1 Service" [stack: 0x000000bc7ed00000,0x000000bc7ee00000] [id=19032]

Threads with active compile tasks:
C2 CompilerThread0  1857642 20718       4       com.google.common.collect.ImmutableMap::copyOf (58 bytes)
C2 CompilerThread1  1857642 20693       4       com.google.common.collect.ImmutableSet$RegularSetBuilderImpl::add (68 bytes)

VM state: not at safepoint (normal execution)

VM Mutex/Monitor currently owned by a thread: None

Heap address: 0x0000000740000000, size: 3072 MB, Compressed Oops mode: Zero based, Oop shift amount: 3

CDS archive(s) mapped at: [0x0000029eb0000000-0x0000029eb0bb0000-0x0000029eb0bb0000), size 12255232, SharedBaseAddress: 0x0000029eb0000000, ArchiveRelocationMode: 1.
Compressed class space mapped at: 0x0000029eb1000000-0x0000029ef1000000, reserved size: 1073741824
Narrow klass base: 0x0000029eb0000000, Narrow klass shift: 0, Narrow klass range: 0x100000000

GC Precious Log:
 CPUs: 6 total, 6 available
 Memory: 16300M
 Large Page Support: Disabled
 NUMA Support: Disabled
 Compressed Oops: Enabled (Zero based)
 Heap Region Size: 2M
 Heap Min Capacity: 8M
 Heap Initial Capacity: 256M
 Heap Max Capacity: 3G
 Pre-touch: Disabled
 Parallel Workers: 6
 Concurrent Workers: 2
 Concurrent Refinement Workers: 6
 Periodic GC: Disabled

Heap:
 garbage-first heap   total 397312K, used 193676K [0x0000000740000000, 0x0000000800000000)
  region size 2048K, 11 young (22528K), 8 survivors (16384K)
 Metaspace       used 105164K, committed 106240K, reserved 1179648K
  class space    used 14048K, committed 14592K, reserved 1048576K

Heap Regions: E=young(eden), S=young(survivor), O=old, HS=humongous(starts), HC=humongous(continues), CS=collection set, F=free, OA=open archive, CA=closed archive, TAMS=top-at-mark-start (previous, next)
|   0|0x0000000740000000, 0x0000000740200000, 0x0000000740200000|100%|HS|  |TAMS 0x0000000740200000, 0x0000000740200000| Complete 
|   1|0x0000000740200000, 0x0000000740400000, 0x0000000740400000|100%|HC|  |TAMS 0x0000000740400000, 0x0000000740400000| Complete 
|   2|0x0000000740400000, 0x0000000740600000, 0x0000000740600000|100%| O|  |TAMS 0x0000000740600000, 0x0000000740600000| Untracked 
|   3|0x0000000740600000, 0x0000000740800000, 0x0000000740800000|100%| O|  |TAMS 0x0000000740800000, 0x0000000740800000| Untracked 
|   4|0x0000000740800000, 0x0000000740a00000, 0x0000000740a00000|100%| O|  |TAMS 0x0000000740a00000, 0x0000000740a00000| Untracked 
|   5|0x0000000740a00000, 0x0000000740c00000, 0x0000000740c00000|100%| O|  |TAMS 0x0000000740c00000, 0x0000000740c00000| Untracked 
|   6|0x0000000740c00000, 0x0000000740e00000, 0x0000000740e00000|100%| O|  |TAMS 0x0000000740e00000, 0x0000000740e00000| Untracked 
|   7|0x0000000740e00000, 0x0000000741000000, 0x0000000741000000|100%| O|  |TAMS 0x0000000741000000, 0x0000000741000000| Untracked 
|   8|0x0000000741000000, 0x0000000741200000, 0x0000000741200000|100%| O|  |TAMS 0x0000000741200000, 0x0000000741200000| Untracked 
|   9|0x0000000741200000, 0x0000000741400000, 0x0000000741400000|100%| O|  |TAMS 0x0000000741400000, 0x0000000741400000| Untracked 
|  10|0x0000000741400000, 0x0000000741600000, 0x0000000741600000|100%| O|  |TAMS 0x0000000741600000, 0x0000000741600000| Untracked 
|  11|0x0000000741600000, 0x0000000741800000, 0x0000000741800000|100%| O|  |TAMS 0x0000000741800000, 0x0000000741800000| Untracked 
|  12|0x0000000741800000, 0x0000000741a00000, 0x0000000741a00000|100%| O|  |TAMS 0x0000000741a00000, 0x0000000741a00000| Untracked 
|  13|0x0000000741a00000, 0x0000000741c00000, 0x0000000741c00000|100%|HS|  |TAMS 0x0000000741c00000, 0x0000000741c00000| Complete 
|  14|0x0000000741c00000, 0x0000000741e00000, 0x0000000741e00000|100%| O|  |TAMS 0x0000000741e00000, 0x0000000741e00000| Untracked 
|  15|0x0000000741e00000, 0x0000000742000000, 0x0000000742000000|100%| O|  |TAMS 0x0000000742000000, 0x0000000742000000| Untracked 
|  16|0x0000000742000000, 0x0000000742200000, 0x0000000742200000|100%| O|  |TAMS 0x0000000742200000, 0x0000000742200000| Untracked 
|  17|0x0000000742200000, 0x0000000742400000, 0x0000000742400000|100%|HS|  |TAMS 0x0000000742400000, 0x0000000742400000| Complete 
|  18|0x0000000742400000, 0x0000000742600000, 0x0000000742600000|100%|HC|  |TAMS 0x0000000742600000, 0x0000000742600000| Complete 
|  19|0x0000000742600000, 0x0000000742800000, 0x0000000742800000|100%| O|  |TAMS 0x0000000742800000, 0x0000000742800000| Untracked 
|  20|0x0000000742800000, 0x0000000742a00000, 0x0000000742a00000|100%| O|  |TAMS 0x0000000742a00000, 0x0000000742a00000| Untracked 
|  21|0x0000000742a00000, 0x0000000742a00000, 0x0000000742c00000|  0%| F|  |TAMS 0x0000000742a00000, 0x0000000742a00000| Untracked 
|  22|0x0000000742c00000, 0x0000000742e00000, 0x0000000742e00000|100%| O|  |TAMS 0x0000000742e00000, 0x0000000742e00000| Untracked 
|  23|0x0000000742e00000, 0x0000000743000000, 0x0000000743000000|100%| O|  |TAMS 0x0000000743000000, 0x0000000743000000| Untracked 
|  24|0x0000000743000000, 0x0000000743200000, 0x0000000743200000|100%| O|  |TAMS 0x0000000743200000, 0x0000000743200000| Untracked 
|  25|0x0000000743200000, 0x0000000743400000, 0x0000000743400000|100%| O|  |TAMS 0x0000000743400000, 0x0000000743400000| Untracked 
|  26|0x0000000743400000, 0x0000000743600000, 0x0000000743600000|100%| O|  |TAMS 0x0000000743600000, 0x0000000743600000| Untracked 
|  27|0x0000000743600000, 0x0000000743800000, 0x0000000743800000|100%| O|  |TAMS 0x0000000743800000, 0x0000000743800000| Untracked 
|  28|0x0000000743800000, 0x0000000743a00000, 0x0000000743a00000|100%| O|  |TAMS 0x0000000743a00000, 0x0000000743a00000| Untracked 
|  29|0x0000000743a00000, 0x0000000743c00000, 0x0000000743c00000|100%| O|  |TAMS 0x0000000743c00000, 0x0000000743c00000| Untracked 
|  30|0x0000000743c00000, 0x0000000743e00000, 0x0000000743e00000|100%| O|  |TAMS 0x0000000743c00000, 0x0000000743e00000| Untracked 
|  31|0x0000000743e00000, 0x0000000744000000, 0x0000000744000000|100%| O|  |TAMS 0x0000000744000000, 0x0000000744000000| Untracked 
|  32|0x0000000744000000, 0x0000000744200000, 0x0000000744200000|100%| O|  |TAMS 0x0000000744200000, 0x0000000744200000| Untracked 
|  33|0x0000000744200000, 0x0000000744400000, 0x0000000744400000|100%|HS|  |TAMS 0x0000000744400000, 0x0000000744400000| Complete 
|  34|0x0000000744400000, 0x0000000744600000, 0x0000000744600000|100%| O|  |TAMS 0x0000000744600000, 0x0000000744600000| Untracked 
|  35|0x0000000744600000, 0x0000000744800000, 0x0000000744800000|100%|HS|  |TAMS 0x0000000744800000, 0x0000000744800000| Complete 
|  36|0x0000000744800000, 0x0000000744a00000, 0x0000000744a00000|100%|HC|  |TAMS 0x0000000744a00000, 0x0000000744a00000| Complete 
|  37|0x0000000744a00000, 0x0000000744c00000, 0x0000000744c00000|100%| O|  |TAMS 0x0000000744c00000, 0x0000000744c00000| Untracked 
|  38|0x0000000744c00000, 0x0000000744e00000, 0x0000000744e00000|100%| O|  |TAMS 0x0000000744e00000, 0x0000000744e00000| Untracked 
|  39|0x0000000744e00000, 0x0000000745000000, 0x0000000745000000|100%| O|  |TAMS 0x0000000745000000, 0x0000000745000000| Untracked 
|  40|0x0000000745000000, 0x0000000745200000, 0x0000000745200000|100%| O|  |TAMS 0x0000000745200000, 0x0000000745200000| Untracked 
|  41|0x0000000745200000, 0x0000000745400000, 0x0000000745400000|100%| O|  |TAMS 0x0000000745400000, 0x0000000745400000| Untracked 
|  42|0x0000000745400000, 0x0000000745600000, 0x0000000745600000|100%| O|  |TAMS 0x0000000745600000, 0x0000000745600000| Untracked 
|  43|0x0000000745600000, 0x0000000745800000, 0x0000000745800000|100%| O|  |TAMS 0x0000000745800000, 0x0000000745800000| Untracked 
|  44|0x0000000745800000, 0x0000000745800000, 0x0000000745a00000|  0%| F|  |TAMS 0x0000000745800000, 0x0000000745800000| Untracked 
|  45|0x0000000745a00000, 0x0000000745a00000, 0x0000000745c00000|  0%| F|  |TAMS 0x0000000745a00000, 0x0000000745a00000| Untracked 
|  46|0x0000000745c00000, 0x0000000745e00000, 0x0000000745e00000|100%| O|  |TAMS 0x0000000745e00000, 0x0000000745e00000| Untracked 
|  47|0x0000000745e00000, 0x0000000746000000, 0x0000000746000000|100%| O|  |TAMS 0x0000000746000000, 0x0000000746000000| Untracked 
|  48|0x0000000746000000, 0x0000000746200000, 0x0000000746200000|100%| O|  |TAMS 0x0000000746200000, 0x0000000746200000| Untracked 
|  49|0x0000000746200000, 0x0000000746400000, 0x0000000746400000|100%| O|  |TAMS 0x0000000746400000, 0x0000000746400000| Untracked 
|  50|0x0000000746400000, 0x0000000746600000, 0x0000000746600000|100%| O|  |TAMS 0x0000000746600000, 0x0000000746600000| Untracked 
|  51|0x0000000746600000, 0x0000000746800000, 0x0000000746800000|100%| O|  |TAMS 0x0000000746800000, 0x0000000746800000| Untracked 
|  52|0x0000000746800000, 0x0000000746800000, 0x0000000746a00000|  0%| F|  |TAMS 0x0000000746800000, 0x0000000746800000| Untracked 
|  53|0x0000000746a00000, 0x0000000746c00000, 0x0000000746c00000|100%| O|  |TAMS 0x0000000746c00000, 0x0000000746c00000| Untracked 
|  54|0x0000000746c00000, 0x0000000746e00000, 0x0000000746e00000|100%| O|  |TAMS 0x0000000746e00000, 0x0000000746e00000| Untracked 
|  55|0x0000000746e00000, 0x0000000747000000, 0x0000000747000000|100%| O|  |TAMS 0x0000000747000000, 0x0000000747000000| Untracked 
|  56|0x0000000747000000, 0x0000000747200000, 0x0000000747200000|100%| O|  |TAMS 0x0000000747200000, 0x0000000747200000| Untracked 
|  57|0x0000000747200000, 0x0000000747400000, 0x0000000747400000|100%| O|  |TAMS 0x0000000747400000, 0x0000000747400000| Untracked 
|  58|0x0000000747400000, 0x0000000747600000, 0x0000000747600000|100%| O|  |TAMS 0x0000000747600000, 0x0000000747600000| Untracked 
|  59|0x0000000747600000, 0x0000000747800000, 0x0000000747800000|100%| O|  |TAMS 0x0000000747800000, 0x0000000747800000| Untracked 
|  60|0x0000000747800000, 0x0000000747a00000, 0x0000000747a00000|100%| O|  |TAMS 0x0000000747a00000, 0x0000000747a00000| Untracked 
|  61|0x0000000747a00000, 0x0000000747c00000, 0x0000000747c00000|100%| O|  |TAMS 0x0000000747c00000, 0x0000000747c00000| Untracked 
|  62|0x0000000747c00000, 0x0000000747e00000, 0x0000000747e00000|100%| O|  |TAMS 0x0000000747e00000, 0x0000000747e00000| Untracked 
|  63|0x0000000747e00000, 0x0000000748000000, 0x0000000748000000|100%| O|  |TAMS 0x0000000748000000, 0x0000000748000000| Untracked 
|  64|0x0000000748000000, 0x0000000748200000, 0x0000000748200000|100%| O|  |TAMS 0x0000000748200000, 0x0000000748200000| Untracked 
|  65|0x0000000748200000, 0x0000000748400000, 0x0000000748400000|100%| O|  |TAMS 0x0000000748314600, 0x0000000748400000| Untracked 
|  66|0x0000000748400000, 0x0000000748600000, 0x0000000748600000|100%| O|  |TAMS 0x0000000748400000, 0x0000000748600000| Untracked 
|  67|0x0000000748600000, 0x0000000748800000, 0x0000000748800000|100%| O|  |TAMS 0x0000000748600000, 0x0000000748800000| Untracked 
|  68|0x0000000748800000, 0x0000000748a00000, 0x0000000748a00000|100%| O|  |TAMS 0x0000000748800000, 0x0000000748a00000| Untracked 
|  69|0x0000000748a00000, 0x0000000748c00000, 0x0000000748c00000|100%| O|  |TAMS 0x0000000748a00000, 0x0000000748c00000| Untracked 
|  70|0x0000000748c00000, 0x0000000748e00000, 0x0000000748e00000|100%| O|  |TAMS 0x0000000748c00000, 0x0000000748e00000| Untracked 
|  71|0x0000000748e00000, 0x0000000749000000, 0x0000000749000000|100%| O|  |TAMS 0x0000000748e00000, 0x0000000749000000| Untracked 
|  72|0x0000000749000000, 0x0000000749200000, 0x0000000749200000|100%| O|  |TAMS 0x0000000749000000, 0x0000000749200000| Untracked 
|  73|0x0000000749200000, 0x0000000749400000, 0x0000000749400000|100%| O|  |TAMS 0x0000000749200000, 0x0000000749400000| Untracked 
|  74|0x0000000749400000, 0x0000000749600000, 0x0000000749600000|100%| O|  |TAMS 0x0000000749400000, 0x0000000749600000| Untracked 
|  75|0x0000000749600000, 0x0000000749800000, 0x0000000749800000|100%| O|  |TAMS 0x0000000749600000, 0x0000000749800000| Untracked 
|  76|0x0000000749800000, 0x0000000749a00000, 0x0000000749a00000|100%| O|  |TAMS 0x0000000749800000, 0x0000000749a00000| Untracked 
|  77|0x0000000749a00000, 0x0000000749c00000, 0x0000000749c00000|100%| O|  |TAMS 0x0000000749a00000, 0x0000000749c00000| Untracked 
|  78|0x0000000749c00000, 0x0000000749e00000, 0x0000000749e00000|100%| O|  |TAMS 0x0000000749c00000, 0x0000000749e00000| Untracked 
|  79|0x0000000749e00000, 0x000000074a000000, 0x000000074a000000|100%| O|  |TAMS 0x0000000749e00000, 0x000000074a000000| Untracked 
|  80|0x000000074a000000, 0x000000074a200000, 0x000000074a200000|100%| O|  |TAMS 0x000000074a000000, 0x000000074a200000| Untracked 
|  81|0x000000074a200000, 0x000000074a400000, 0x000000074a400000|100%| O|  |TAMS 0x000000074a200000, 0x000000074a400000| Untracked 
|  82|0x000000074a400000, 0x000000074a600000, 0x000000074a600000|100%| O|  |TAMS 0x000000074a400000, 0x000000074a600000| Untracked 
|  83|0x000000074a600000, 0x000000074a800000, 0x000000074a800000|100%| O|  |TAMS 0x000000074a600000, 0x000000074a800000| Untracked 
|  84|0x000000074a800000, 0x000000074aa00000, 0x000000074aa00000|100%| O|  |TAMS 0x000000074a800000, 0x000000074aa00000| Untracked 
|  85|0x000000074aa00000, 0x000000074ac00000, 0x000000074ac00000|100%| O|  |TAMS 0x000000074aa00000, 0x000000074ac00000| Untracked 
|  86|0x000000074ac00000, 0x000000074ae00000, 0x000000074ae00000|100%| O|  |TAMS 0x000000074ac00000, 0x000000074ae00000| Untracked 
|  87|0x000000074ae00000, 0x000000074b000000, 0x000000074b000000|100%| O|  |TAMS 0x000000074ae00000, 0x000000074b000000| Untracked 
|  88|0x000000074b000000, 0x000000074b177000, 0x000000074b200000| 73%| O|  |TAMS 0x000000074b000000, 0x000000074b177000| Untracked 
|  89|0x000000074b200000, 0x000000074b200000, 0x000000074b400000|  0%| F|  |TAMS 0x000000074b200000, 0x000000074b200000| Untracked 
|  90|0x000000074b400000, 0x000000074b400000, 0x000000074b600000|  0%| F|  |TAMS 0x000000074b400000, 0x000000074b400000| Untracked 
|  91|0x000000074b600000, 0x000000074b600000, 0x000000074b800000|  0%| F|  |TAMS 0x000000074b600000, 0x000000074b600000| Untracked 
|  92|0x000000074b800000, 0x000000074b800000, 0x000000074ba00000|  0%| F|  |TAMS 0x000000074b800000, 0x000000074b800000| Untracked 
|  93|0x000000074ba00000, 0x000000074ba00000, 0x000000074bc00000|  0%| F|  |TAMS 0x000000074ba00000, 0x000000074ba00000| Untracked 
|  94|0x000000074bc00000, 0x000000074bc00000, 0x000000074be00000|  0%| F|  |TAMS 0x000000074bc00000, 0x000000074bc00000| Untracked 
|  95|0x000000074be00000, 0x000000074be00000, 0x000000074c000000|  0%| F|  |TAMS 0x000000074be00000, 0x000000074be00000| Untracked 
|  96|0x000000074c000000, 0x000000074c000000, 0x000000074c200000|  0%| F|  |TAMS 0x000000074c000000, 0x000000074c000000| Untracked 
|  97|0x000000074c200000, 0x000000074c200000, 0x000000074c400000|  0%| F|  |TAMS 0x000000074c200000, 0x000000074c200000| Untracked 
|  98|0x000000074c400000, 0x000000074c400000, 0x000000074c600000|  0%| F|  |TAMS 0x000000074c400000, 0x000000074c400000| Untracked 
|  99|0x000000074c600000, 0x000000074c600000, 0x000000074c800000|  0%| F|  |TAMS 0x000000074c600000, 0x000000074c600000| Untracked 
| 100|0x000000074c800000, 0x000000074c800000, 0x000000074ca00000|  0%| F|  |TAMS 0x000000074c800000, 0x000000074c800000| Untracked 
| 101|0x000000074ca00000, 0x000000074ca00000, 0x000000074cc00000|  0%| F|  |TAMS 0x000000074ca00000, 0x000000074ca00000| Untracked 
| 102|0x000000074cc00000, 0x000000074cc00000, 0x000000074ce00000|  0%| F|  |TAMS 0x000000074cc00000, 0x000000074cc00000| Untracked 
| 103|0x000000074ce00000, 0x000000074ce00000, 0x000000074d000000|  0%| F|  |TAMS 0x000000074ce00000, 0x000000074ce00000| Untracked 
| 104|0x000000074d000000, 0x000000074d000000, 0x000000074d200000|  0%| F|  |TAMS 0x000000074d000000, 0x000000074d000000| Untracked 
| 105|0x000000074d200000, 0x000000074d200000, 0x000000074d400000|  0%| F|  |TAMS 0x000000074d200000, 0x000000074d200000| Untracked 
| 106|0x000000074d400000, 0x000000074d400000, 0x000000074d600000|  0%| F|  |TAMS 0x000000074d400000, 0x000000074d400000| Untracked 
| 107|0x000000074d600000, 0x000000074d600000, 0x000000074d800000|  0%| F|  |TAMS 0x000000074d600000, 0x000000074d600000| Untracked 
| 108|0x000000074d800000, 0x000000074d800000, 0x000000074da00000|  0%| F|  |TAMS 0x000000074d800000, 0x000000074d800000| Untracked 
| 109|0x000000074da00000, 0x000000074da00000, 0x000000074dc00000|  0%| F|  |TAMS 0x000000074da00000, 0x000000074da00000| Untracked 
| 110|0x000000074dc00000, 0x000000074dc00000, 0x000000074de00000|  0%| F|  |TAMS 0x000000074dc00000, 0x000000074dc00000| Untracked 
| 111|0x000000074de00000, 0x000000074de00000, 0x000000074e000000|  0%| F|  |TAMS 0x000000074de00000, 0x000000074de00000| Untracked 
| 112|0x000000074e000000, 0x000000074e000000, 0x000000074e200000|  0%| F|  |TAMS 0x000000074e000000, 0x000000074e000000| Untracked 
| 113|0x000000074e200000, 0x000000074e200000, 0x000000074e400000|  0%| F|  |TAMS 0x000000074e200000, 0x000000074e200000| Untracked 
| 114|0x000000074e400000, 0x000000074e400000, 0x000000074e600000|  0%| F|  |TAMS 0x000000074e400000, 0x000000074e400000| Untracked 
| 115|0x000000074e600000, 0x000000074e7ac2d0, 0x000000074e800000| 83%| S|CS|TAMS 0x000000074e600000, 0x000000074e600000| Complete 
| 116|0x000000074e800000, 0x000000074ea00000, 0x000000074ea00000|100%| S|CS|TAMS 0x000000074e800000, 0x000000074e800000| Complete 
| 117|0x000000074ea00000, 0x000000074ec00000, 0x000000074ec00000|100%| S|CS|TAMS 0x000000074ea00000, 0x000000074ea00000| Complete 
| 118|0x000000074ec00000, 0x000000074ee00000, 0x000000074ee00000|100%| S|CS|TAMS 0x000000074ec00000, 0x000000074ec00000| Complete 
| 119|0x000000074ee00000, 0x000000074f000000, 0x000000074f000000|100%| S|CS|TAMS 0x000000074ee00000, 0x000000074ee00000| Complete 
| 120|0x000000074f000000, 0x000000074f200000, 0x000000074f200000|100%| S|CS|TAMS 0x000000074f000000, 0x000000074f000000| Complete 
| 121|0x000000074f200000, 0x000000074f400000, 0x000000074f400000|100%| S|CS|TAMS 0x000000074f200000, 0x000000074f200000| Complete 
| 122|0x000000074f400000, 0x000000074f600000, 0x000000074f600000|100%| S|CS|TAMS 0x000000074f400000, 0x000000074f400000| Complete 
| 123|0x000000074f600000, 0x000000074f600000, 0x000000074f800000|  0%| F|  |TAMS 0x000000074f600000, 0x000000074f600000| Untracked 
| 124|0x000000074f800000, 0x000000074f800000, 0x000000074fa00000|  0%| F|  |TAMS 0x000000074f800000, 0x000000074f800000| Untracked 
| 125|0x000000074fa00000, 0x000000074fa00000, 0x000000074fc00000|  0%| F|  |TAMS 0x000000074fa00000, 0x000000074fa00000| Untracked 
| 126|0x000000074fc00000, 0x000000074fc00000, 0x000000074fe00000|  0%| F|  |TAMS 0x000000074fc00000, 0x000000074fc00000| Untracked 
| 127|0x000000074fe00000, 0x000000074fe00000, 0x0000000750000000|  0%| F|  |TAMS 0x000000074fe00000, 0x000000074fe00000| Untracked 
| 128|0x0000000750000000, 0x0000000750000000, 0x0000000750200000|  0%| F|  |TAMS 0x0000000750000000, 0x0000000750000000| Untracked 
| 129|0x0000000750200000, 0x0000000750200000, 0x0000000750400000|  0%| F|  |TAMS 0x0000000750200000, 0x0000000750200000| Untracked 
| 130|0x0000000750400000, 0x0000000750400000, 0x0000000750600000|  0%| F|  |TAMS 0x0000000750400000, 0x0000000750400000| Untracked 
| 131|0x0000000750600000, 0x0000000750600000, 0x0000000750800000|  0%| F|  |TAMS 0x0000000750600000, 0x0000000750600000| Untracked 
| 132|0x0000000750800000, 0x0000000750800000, 0x0000000750a00000|  0%| F|  |TAMS 0x0000000750800000, 0x0000000750800000| Untracked 
| 133|0x0000000750a00000, 0x0000000750a00000, 0x0000000750c00000|  0%| F|  |TAMS 0x0000000750a00000, 0x0000000750a00000| Untracked 
| 134|0x0000000750c00000, 0x0000000750c00000, 0x0000000750e00000|  0%| F|  |TAMS 0x0000000750c00000, 0x0000000750c00000| Untracked 
| 135|0x0000000750e00000, 0x0000000750e00000, 0x0000000751000000|  0%| F|  |TAMS 0x0000000750e00000, 0x0000000750e00000| Untracked 
| 136|0x0000000751000000, 0x0000000751000000, 0x0000000751200000|  0%| F|  |TAMS 0x0000000751000000, 0x0000000751000000| Untracked 
| 137|0x0000000751200000, 0x0000000751200000, 0x0000000751400000|  0%| F|  |TAMS 0x0000000751200000, 0x0000000751200000| Untracked 
| 138|0x0000000751400000, 0x0000000751400000, 0x0000000751600000|  0%| F|  |TAMS 0x0000000751400000, 0x0000000751400000| Untracked 
| 139|0x0000000751600000, 0x0000000751600000, 0x0000000751800000|  0%| F|  |TAMS 0x0000000751600000, 0x0000000751600000| Untracked 
| 140|0x0000000751800000, 0x0000000751800000, 0x0000000751a00000|  0%| F|  |TAMS 0x0000000751800000, 0x0000000751800000| Untracked 
| 141|0x0000000751a00000, 0x0000000751a00000, 0x0000000751c00000|  0%| F|  |TAMS 0x0000000751a00000, 0x0000000751a00000| Untracked 
| 142|0x0000000751c00000, 0x0000000751c00000, 0x0000000751e00000|  0%| F|  |TAMS 0x0000000751c00000, 0x0000000751c00000| Untracked 
| 143|0x0000000751e00000, 0x0000000751e00000, 0x0000000752000000|  0%| F|  |TAMS 0x0000000751e00000, 0x0000000751e00000| Untracked 
| 144|0x0000000752000000, 0x0000000752000000, 0x0000000752200000|  0%| F|  |TAMS 0x0000000752000000, 0x0000000752000000| Untracked 
| 145|0x0000000752200000, 0x0000000752200000, 0x0000000752400000|  0%| F|  |TAMS 0x0000000752200000, 0x0000000752200000| Untracked 
| 146|0x0000000752400000, 0x0000000752400000, 0x0000000752600000|  0%| F|  |TAMS 0x0000000752400000, 0x0000000752400000| Untracked 
| 147|0x0000000752600000, 0x0000000752600000, 0x0000000752800000|  0%| F|  |TAMS 0x0000000752600000, 0x0000000752600000| Untracked 
| 148|0x0000000752800000, 0x0000000752800000, 0x0000000752a00000|  0%| F|  |TAMS 0x0000000752800000, 0x0000000752800000| Untracked 
| 149|0x0000000752a00000, 0x0000000752a00000, 0x0000000752c00000|  0%| F|  |TAMS 0x0000000752a00000, 0x0000000752a00000| Untracked 
| 150|0x0000000752c00000, 0x0000000752c00000, 0x0000000752e00000|  0%| F|  |TAMS 0x0000000752c00000, 0x0000000752c00000| Untracked 
| 151|0x0000000752e00000, 0x0000000752e00000, 0x0000000753000000|  0%| F|  |TAMS 0x0000000752e00000, 0x0000000752e00000| Untracked 
| 152|0x0000000753000000, 0x0000000753000000, 0x0000000753200000|  0%| F|  |TAMS 0x0000000753000000, 0x0000000753000000| Untracked 
| 153|0x0000000753200000, 0x0000000753200000, 0x0000000753400000|  0%| F|  |TAMS 0x0000000753200000, 0x0000000753200000| Untracked 
| 154|0x0000000753400000, 0x0000000753400000, 0x0000000753600000|  0%| F|  |TAMS 0x0000000753400000, 0x0000000753400000| Untracked 
| 155|0x0000000753600000, 0x0000000753600000, 0x0000000753800000|  0%| F|  |TAMS 0x0000000753600000, 0x0000000753600000| Untracked 
| 156|0x0000000753800000, 0x0000000753800000, 0x0000000753a00000|  0%| F|  |TAMS 0x0000000753800000, 0x0000000753800000| Untracked 
| 157|0x0000000753a00000, 0x0000000753a00000, 0x0000000753c00000|  0%| F|  |TAMS 0x0000000753a00000, 0x0000000753a00000| Untracked 
| 158|0x0000000753c00000, 0x0000000753c00000, 0x0000000753e00000|  0%| F|  |TAMS 0x0000000753c00000, 0x0000000753c00000| Untracked 
| 159|0x0000000753e00000, 0x0000000753e00000, 0x0000000754000000|  0%| F|  |TAMS 0x0000000753e00000, 0x0000000753e00000| Untracked 
| 160|0x0000000754000000, 0x0000000754000000, 0x0000000754200000|  0%| F|  |TAMS 0x0000000754000000, 0x0000000754000000| Untracked 
| 161|0x0000000754200000, 0x0000000754200000, 0x0000000754400000|  0%| F|  |TAMS 0x0000000754200000, 0x0000000754200000| Untracked 
| 162|0x0000000754400000, 0x0000000754400000, 0x0000000754600000|  0%| F|  |TAMS 0x0000000754400000, 0x0000000754400000| Untracked 
| 163|0x0000000754600000, 0x0000000754600000, 0x0000000754800000|  0%| F|  |TAMS 0x0000000754600000, 0x0000000754600000| Untracked 
| 164|0x0000000754800000, 0x0000000754800000, 0x0000000754a00000|  0%| F|  |TAMS 0x0000000754800000, 0x0000000754800000| Untracked 
| 165|0x0000000754a00000, 0x0000000754a00000, 0x0000000754c00000|  0%| F|  |TAMS 0x0000000754a00000, 0x0000000754a00000| Untracked 
| 166|0x0000000754c00000, 0x0000000754c00000, 0x0000000754e00000|  0%| F|  |TAMS 0x0000000754c00000, 0x0000000754c00000| Untracked 
| 167|0x0000000754e00000, 0x0000000754e00000, 0x0000000755000000|  0%| F|  |TAMS 0x0000000754e00000, 0x0000000754e00000| Untracked 
| 168|0x0000000755000000, 0x0000000755000000, 0x0000000755200000|  0%| F|  |TAMS 0x0000000755000000, 0x0000000755000000| Untracked 
| 169|0x0000000755200000, 0x0000000755200000, 0x0000000755400000|  0%| F|  |TAMS 0x0000000755200000, 0x0000000755200000| Untracked 
| 170|0x0000000755400000, 0x0000000755400000, 0x0000000755600000|  0%| F|  |TAMS 0x0000000755400000, 0x0000000755400000| Untracked 
| 171|0x0000000755600000, 0x0000000755600000, 0x0000000755800000|  0%| F|  |TAMS 0x0000000755600000, 0x0000000755600000| Untracked 
| 172|0x0000000755800000, 0x0000000755800000, 0x0000000755a00000|  0%| F|  |TAMS 0x0000000755800000, 0x0000000755800000| Untracked 
| 173|0x0000000755a00000, 0x0000000755a00000, 0x0000000755c00000|  0%| F|  |TAMS 0x0000000755a00000, 0x0000000755a00000| Untracked 
| 174|0x0000000755c00000, 0x0000000755c00000, 0x0000000755e00000|  0%| F|  |TAMS 0x0000000755c00000, 0x0000000755c00000| Untracked 
| 175|0x0000000755e00000, 0x0000000755e00000, 0x0000000756000000|  0%| F|  |TAMS 0x0000000755e00000, 0x0000000755e00000| Untracked 
| 176|0x0000000756000000, 0x0000000756000000, 0x0000000756200000|  0%| F|  |TAMS 0x0000000756000000, 0x0000000756000000| Untracked 
| 177|0x0000000756200000, 0x0000000756200000, 0x0000000756400000|  0%| F|  |TAMS 0x0000000756200000, 0x0000000756200000| Untracked 
| 178|0x0000000756400000, 0x0000000756400000, 0x0000000756600000|  0%| F|  |TAMS 0x0000000756400000, 0x0000000756400000| Untracked 
| 179|0x0000000756600000, 0x0000000756600000, 0x0000000756800000|  0%| F|  |TAMS 0x0000000756600000, 0x0000000756600000| Untracked 
| 180|0x0000000756800000, 0x0000000756800000, 0x0000000756a00000|  0%| F|  |TAMS 0x0000000756800000, 0x0000000756800000| Untracked 
| 181|0x0000000756a00000, 0x0000000756a00000, 0x0000000756c00000|  0%| F|  |TAMS 0x0000000756a00000, 0x0000000756a00000| Untracked 
| 182|0x0000000756c00000, 0x0000000756c00000, 0x0000000756e00000|  0%| F|  |TAMS 0x0000000756c00000, 0x0000000756c00000| Untracked 
| 183|0x0000000756e00000, 0x0000000756e00000, 0x0000000757000000|  0%| F|  |TAMS 0x0000000756e00000, 0x0000000756e00000| Untracked 
| 184|0x0000000757000000, 0x0000000757000000, 0x0000000757200000|  0%| F|  |TAMS 0x0000000757000000, 0x0000000757000000| Untracked 
| 185|0x0000000757200000, 0x0000000757200000, 0x0000000757400000|  0%| F|  |TAMS 0x0000000757200000, 0x0000000757200000| Untracked 
| 186|0x0000000757400000, 0x0000000757400000, 0x0000000757600000|  0%| F|  |TAMS 0x0000000757400000, 0x0000000757400000| Untracked 
| 187|0x0000000757600000, 0x0000000757600000, 0x0000000757800000|  0%| F|  |TAMS 0x0000000757600000, 0x0000000757600000| Untracked 
| 188|0x0000000757800000, 0x0000000757800000, 0x0000000757a00000|  0%| F|  |TAMS 0x0000000757800000, 0x0000000757800000| Untracked 
| 189|0x0000000757a00000, 0x0000000757a00000, 0x0000000757c00000|  0%| F|  |TAMS 0x0000000757a00000, 0x0000000757a00000| Untracked 
| 190|0x0000000757c00000, 0x0000000757c00000, 0x0000000757e00000|  0%| F|  |TAMS 0x0000000757c00000, 0x0000000757c00000| Untracked 
| 191|0x0000000757e00000, 0x0000000757e6fc88, 0x0000000758000000| 21%| E|  |TAMS 0x0000000757e00000, 0x0000000757e00000| Complete 
| 192|0x0000000758000000, 0x0000000758200000, 0x0000000758200000|100%| E|CS|TAMS 0x0000000758000000, 0x0000000758000000| Complete 
| 193|0x0000000758200000, 0x0000000758400000, 0x0000000758400000|100%| E|CS|TAMS 0x0000000758200000, 0x0000000758200000| Complete 

Card table byte_map: [0x0000029ea6840000,0x0000029ea6e40000] _byte_map_base: 0x0000029ea2e40000

Marking Bits (Prev, Next): (CMBitMap*) 0x0000029e8f6509c0, (CMBitMap*) 0x0000029e8f650a00
 Prev Bits: [0x0000029ea7440000, 0x0000029eaa440000)
 Next Bits: [0x0000029eaa440000, 0x0000029ead440000)

Polling page: 0x0000029e8edb0000

Metaspace:

Usage:
  Non-class:     88.98 MB used.
      Class:     13.72 MB used.
       Both:    102.70 MB used.

Virtual space:
  Non-class space:      128.00 MB reserved,      89.50 MB ( 70%) committed,  2 nodes.
      Class space:        1.00 GB reserved,      14.25 MB (  1%) committed,  1 nodes.
             Both:        1.12 GB reserved,     103.75 MB (  9%) committed. 

Chunk freelists:
   Non-Class:  6.06 MB
       Class:  1.77 MB
        Both:  7.83 MB

MaxMetaspaceSize: unlimited
CompressedClassSpaceSize: 1.00 GB
Initial GC threshold: 21.00 MB
Current GC threshold: 165.94 MB
CDS: on
MetaspaceReclaimPolicy: balanced
 - commit_granule_bytes: 65536.
 - commit_granule_words: 8192.
 - virtual_space_node_default_size: 8388608.
 - enlarge_chunks_in_place: 1.
 - new_chunks_are_fully_committed: 0.
 - uncommit_free_chunks: 1.
 - use_allocation_guard: 0.
 - handle_deallocations: 1.


Internal statistics:

num_allocs_failed_limit: 6.
num_arena_births: 1850.
num_arena_deaths: 0.
num_vsnodes_births: 3.
num_vsnodes_deaths: 0.
num_space_committed: 1659.
num_space_uncommitted: 0.
num_chunks_returned_to_freelist: 6.
num_chunks_taken_from_freelist: 6645.
num_chunk_merges: 6.
num_chunk_splits: 4080.
num_chunks_enlarged: 2373.
num_inconsistent_stats: 0.

CodeHeap 'non-profiled nmethods': size=120000Kb used=12972Kb max_used=12972Kb free=107027Kb
 bounds [0x0000029e9ec00000, 0x0000029e9f8b0000, 0x0000029ea6130000]
CodeHeap 'profiled nmethods': size=120000Kb used=34970Kb max_used=34970Kb free=85030Kb
 bounds [0x0000029e97130000, 0x0000029e99360000, 0x0000029e9e660000]
CodeHeap 'non-nmethods': size=5760Kb used=2482Kb max_used=2613Kb free=3277Kb
 bounds [0x0000029e9e660000, 0x0000029e9e8f0000, 0x0000029e9ec00000]
 total_blobs=18400 nmethods=17376 adapters=933
 compilation: enabled
              stopped_count=0, restarted_count=0
 full_count=0

Compilation events (20 events):
Event: 1857.576 Thread 0x0000029eafc91010 nmethod 20701 0x0000029e99352c10 code [0x0000029e99352e00, 0x0000029e99353388]
Event: 1857.576 Thread 0x0000029eafc91010 20702       3       com.android.ide.common.symbols.Symbol$BasicNormalSymbol::equals (52 bytes)
Event: 1857.577 Thread 0x0000029eafc91010 nmethod 20702 0x0000029e99353510 code [0x0000029e99353700, 0x0000029e99353ce8]
Event: 1857.577 Thread 0x0000029eafc91010 20703       3       com.google.common.base.Objects::equal (23 bytes)
Event: 1857.577 Thread 0x0000029eafc91010 nmethod 20703 0x0000029e99353e10 code [0x0000029e99353fc0, 0x0000029e99354228]
Event: 1857.578 Thread 0x0000029eafc90350 nmethod 20697 0x0000029e9f8a2710 code [0x0000029e9f8a2940, 0x0000029e9f8a35c0]
Event: 1857.578 Thread 0x0000029eafc90350 20704       4       com.google.common.collect.ImmutableSet$SetBuilderImpl::addDedupedElement (28 bytes)
Event: 1857.580 Thread 0x0000029eafc90350 nmethod 20704 0x0000029e9f8a3b10 code [0x0000029e9f8a3ca0, 0x0000029e9f8a3ff8]
Event: 1857.580 Thread 0x0000029eafc90350 20698       4       com.google.common.collect.RegularImmutableMap::makeImmutable (44 bytes)
Event: 1857.581 Thread 0x0000029eafc90350 nmethod 20698 0x0000029e9f8a4190 code [0x0000029e9f8a4320, 0x0000029e9f8a44b8]
Event: 1857.596 Thread 0x0000029eafc91010 20705       3       com.google.common.cache.LocalCache$LocalLoadingCache::get (9 bytes)
Event: 1857.596 Thread 0x0000029eafc91010 nmethod 20705 0x0000029e99354310 code [0x0000029e993544c0, 0x0000029e99354668]
Event: 1857.596 Thread 0x0000029eafc91010 20706       3       com.google.common.cache.LocalCache::getOrLoad (10 bytes)
Event: 1857.597 Thread 0x0000029eafc91010 nmethod 20706 0x0000029e99354790 code [0x0000029e99354920, 0x0000029e99354a68]
Event: 1857.597 Thread 0x0000029eafc91010 20707       3       com.google.common.cache.LocalCache::get (21 bytes)
Event: 1857.597 Thread 0x0000029eafc91010 nmethod 20707 0x0000029e99354b10 code [0x0000029e99354d20, 0x0000029e99355298]
Event: 1857.603 Thread 0x0000029eafc91010 20708       3       com.google.common.cache.LocalCache::expiresAfterWrite (15 bytes)
Event: 1857.603 Thread 0x0000029eafc91010 nmethod 20708 0x0000029e99355510 code [0x0000029e993556a0, 0x0000029e99355818]
Event: 1857.606 Thread 0x0000029eafc91010 20709       1       com.google.common.cache.LocalCache$StrongEntry::setValueReference (6 bytes)
Event: 1857.606 Thread 0x0000029eafc91010 nmethod 20709 0x0000029e9f8a4690 code [0x0000029e9f8a4820, 0x0000029e9f8a4938]

GC Heap History (20 events):
Event: 13.842 GC heap before
{Heap before GC invocations=43 (full 0):
 garbage-first heap   total 198656K, used 156624K [0x0000000740000000, 0x0000000800000000)
  region size 2048K, 25 young (51200K), 2 survivors (4096K)
 Metaspace       used 92326K, committed 93056K, reserved 1179648K
  class space    used 12683K, committed 13056K, reserved 1048576K
}
Event: 13.846 GC heap after
{Heap after GC invocations=44 (full 0):
 garbage-first heap   total 198656K, used 114195K [0x0000000740000000, 0x0000000800000000)
  region size 2048K, 3 young (6144K), 3 survivors (6144K)
 Metaspace       used 92326K, committed 93056K, reserved 1179648K
  class space    used 12683K, committed 13056K, reserved 1048576K
}
Event: 13.860 GC heap before
{Heap before GC invocations=44 (full 0):
 garbage-first heap   total 198656K, used 114195K [0x0000000740000000, 0x0000000800000000)
  region size 2048K, 4 young (8192K), 3 survivors (6144K)
 Metaspace       used 92326K, committed 93056K, reserved 1179648K
  class space    used 12683K, committed 13056K, reserved 1048576K
}
Event: 13.862 GC heap after
{Heap after GC invocations=45 (full 0):
 garbage-first heap   total 198656K, used 114276K [0x0000000740000000, 0x0000000800000000)
  region size 2048K, 1 young (2048K), 1 survivors (2048K)
 Metaspace       used 92326K, committed 93056K, reserved 1179648K
  class space    used 12683K, committed 13056K, reserved 1048576K
}
Event: 14.268 GC heap before
{Heap before GC invocations=45 (full 0):
 garbage-first heap   total 198656K, used 163428K [0x0000000740000000, 0x0000000800000000)
  region size 2048K, 26 young (53248K), 1 survivors (2048K)
 Metaspace       used 92574K, committed 93312K, reserved 1179648K
  class space    used 12698K, committed 13056K, reserved 1048576K
}
Event: 14.271 GC heap after
{Heap after GC invocations=46 (full 0):
 garbage-first heap   total 397312K, used 116420K [0x0000000740000000, 0x0000000800000000)
  region size 2048K, 2 young (4096K), 2 survivors (4096K)
 Metaspace       used 92574K, committed 93312K, reserved 1179648K
  class space    used 12698K, committed 13056K, reserved 1048576K
}
Event: 341.204 GC heap before
{Heap before GC invocations=47 (full 0):
 garbage-first heap   total 397312K, used 323268K [0x0000000740000000, 0x0000000800000000)
  region size 2048K, 103 young (210944K), 2 survivors (4096K)
 Metaspace       used 94766K, committed 95552K, reserved 1179648K
  class space    used 12886K, committed 13248K, reserved 1048576K
}
Event: 341.219 GC heap after
{Heap after GC invocations=48 (full 0):
 garbage-first heap   total 397312K, used 132887K [0x0000000740000000, 0x0000000800000000)
  region size 2048K, 10 young (20480K), 10 survivors (20480K)
 Metaspace       used 94766K, committed 95552K, reserved 1179648K
  class space    used 12886K, committed 13248K, reserved 1048576K
}
Event: 341.239 GC heap before
{Heap before GC invocations=48 (full 0):
 garbage-first heap   total 397312K, used 132887K [0x0000000740000000, 0x0000000800000000)
  region size 2048K, 11 young (22528K), 10 survivors (20480K)
 Metaspace       used 94766K, committed 95552K, reserved 1179648K
  class space    used 12886K, committed 13248K, reserved 1048576K
}
Event: 341.252 GC heap after
{Heap after GC invocations=49 (full 0):
 garbage-first heap   total 397312K, used 134225K [0x0000000740000000, 0x0000000800000000)
  region size 2048K, 1 young (2048K), 1 survivors (2048K)
 Metaspace       used 94766K, committed 95552K, reserved 1179648K
  class space    used 12886K, committed 13248K, reserved 1048576K
}
Event: 721.451 GC heap before
{Heap before GC invocations=49 (full 0):
 garbage-first heap   total 397312K, used 310353K [0x0000000740000000, 0x0000000800000000)
  region size 2048K, 88 young (180224K), 1 survivors (2048K)
 Metaspace       used 100218K, committed 101184K, reserved 1179648K
  class space    used 13582K, committed 14080K, reserved 1048576K
}
Event: 721.470 GC heap after
{Heap after GC invocations=50 (full 0):
 garbage-first heap   total 397312K, used 148962K [0x0000000740000000, 0x0000000800000000)
  region size 2048K, 9 young (18432K), 9 survivors (18432K)
 Metaspace       used 100218K, committed 101184K, reserved 1179648K
  class space    used 13582K, committed 14080K, reserved 1048576K
}
Event: 1162.309 GC heap before
{Heap before GC invocations=50 (full 0):
 garbage-first heap   total 397312K, used 312802K [0x0000000740000000, 0x0000000800000000)
  region size 2048K, 89 young (182272K), 9 survivors (18432K)
 Metaspace       used 100937K, committed 101952K, reserved 1179648K
  class space    used 13615K, committed 14144K, reserved 1048576K
}
Event: 1162.332 GC heap after
{Heap after GC invocations=51 (full 0):
 garbage-first heap   total 397312K, used 166170K [0x0000000740000000, 0x0000000800000000)
  region size 2048K, 9 young (18432K), 9 survivors (18432K)
 Metaspace       used 100937K, committed 101952K, reserved 1179648K
  class space    used 13615K, committed 14144K, reserved 1048576K
}
Event: 1853.081 GC heap before
{Heap before GC invocations=52 (full 0):
 garbage-first heap   total 397312K, used 313626K [0x0000000740000000, 0x0000000800000000)
  region size 2048K, 81 young (165888K), 9 survivors (18432K)
 Metaspace       used 101413K, committed 102400K, reserved 1179648K
  class space    used 13644K, committed 14144K, reserved 1048576K
}
Event: 1853.111 GC heap after
{Heap after GC invocations=53 (full 0):
 garbage-first heap   total 397312K, used 178868K [0x0000000740000000, 0x0000000800000000)
  region size 2048K, 7 young (14336K), 7 survivors (14336K)
 Metaspace       used 101413K, committed 102400K, reserved 1179648K
  class space    used 13644K, committed 14144K, reserved 1048576K
}
Event: 1853.184 GC heap before
{Heap before GC invocations=53 (full 0):
 garbage-first heap   total 397312K, used 182964K [0x0000000740000000, 0x0000000800000000)
  region size 2048K, 9 young (18432K), 7 survivors (14336K)
 Metaspace       used 101423K, committed 102400K, reserved 1179648K
  class space    used 13644K, committed 14144K, reserved 1048576K
}
Event: 1853.199 GC heap after
{Heap after GC invocations=54 (full 0):
 garbage-first heap   total 397312K, used 175580K [0x0000000740000000, 0x0000000800000000)
  region size 2048K, 1 young (2048K), 1 survivors (2048K)
 Metaspace       used 101423K, committed 102400K, reserved 1179648K
  class space    used 13644K, committed 14144K, reserved 1048576K
}
Event: 1857.534 GC heap before
{Heap before GC invocations=54 (full 0):
 garbage-first heap   total 397312K, used 316892K [0x0000000740000000, 0x0000000800000000)
  region size 2048K, 71 young (145408K), 1 survivors (2048K)
 Metaspace       used 105122K, committed 106176K, reserved 1179648K
  class space    used 14039K, committed 14592K, reserved 1048576K
}
Event: 1857.550 GC heap after
{Heap after GC invocations=55 (full 0):
 garbage-first heap   total 397312K, used 189580K [0x0000000740000000, 0x0000000800000000)
  region size 2048K, 8 young (16384K), 8 survivors (16384K)
 Metaspace       used 105122K, committed 106176K, reserved 1179648K
  class space    used 14039K, committed 14592K, reserved 1048576K
}

Dll operation events (17 events):
Event: 0.011 Loaded shared library C:\Users\maqiy\.jdks\corretto-17.0.13\bin\java.dll
Event: 0.026 Loaded shared library C:\Users\maqiy\.jdks\corretto-17.0.13\bin\jsvml.dll
Event: 0.061 Loaded shared library C:\Users\maqiy\.jdks\corretto-17.0.13\bin\zip.dll
Event: 0.066 Loaded shared library C:\Users\maqiy\.jdks\corretto-17.0.13\bin\instrument.dll
Event: 0.070 Loaded shared library C:\Users\maqiy\.jdks\corretto-17.0.13\bin\net.dll
Event: 0.072 Loaded shared library C:\Users\maqiy\.jdks\corretto-17.0.13\bin\nio.dll
Event: 0.074 Loaded shared library C:\Users\maqiy\.jdks\corretto-17.0.13\bin\zip.dll
Event: 0.246 Loaded shared library C:\Users\maqiy\.jdks\corretto-17.0.13\bin\jimage.dll
Event: 0.309 Loaded shared library C:\Users\maqiy\.jdks\corretto-17.0.13\bin\verify.dll
Event: 0.427 Loaded shared library C:\Users\maqiy\.gradle\native\c067742578af261105cb4f569cf0c3c89f3d7b1fecec35dd04571415982c5e48\windows-amd64\native-platform.dll
Event: 0.442 Loaded shared library C:\Users\maqiy\.gradle\native\38dada09dfb8b06ba9b0570ebf7e218e3eb74d4ef43ca46872605cf95ebc2f47\windows-amd64\native-platform-file-events.dll
Event: 1.179 Loaded shared library C:\Users\maqiy\.jdks\corretto-17.0.13\bin\management.dll
Event: 1.182 Loaded shared library C:\Users\maqiy\.jdks\corretto-17.0.13\bin\management_ext.dll
Event: 1.321 Loaded shared library C:\Users\maqiy\.jdks\corretto-17.0.13\bin\extnet.dll
Event: 1.705 Loaded shared library C:\Users\maqiy\.jdks\corretto-17.0.13\bin\sunmscapi.dll
Event: 342.969 Loaded shared library C:\Users\maqiy\AppData\Local\Temp\native-platform9724965899256593374dir\native-platform.dll
Event: 343.511 Loaded shared library C:\Users\maqiy\.jdks\corretto-17.0.13\bin\rmi.dll

Deoptimization events (20 events):
Event: 1856.505 Thread 0x0000029ef8d86050 DEOPT PACKING pc=0x0000029e9f738388 sp=0x000000bc039fd690
Event: 1856.505 Thread 0x0000029ef8d86050 DEOPT UNPACKING pc=0x0000029e9e6b69a3 sp=0x000000bc039fd628 mode 2
Event: 1856.506 Thread 0x0000029ef8d86050 Uncommon trap: trap_request=0xffffffde fr.pc=0x0000029e9f738388 relative=0x0000000000000448
Event: 1856.506 Thread 0x0000029ef8d86050 Uncommon trap: reason=class_check action=maybe_recompile pc=0x0000029e9f738388 method=java.io.BufferedOutputStream.write([BII)V @ 20 c2
Event: 1856.506 Thread 0x0000029ef8d86050 DEOPT PACKING pc=0x0000029e9f738388 sp=0x000000bc039fd690
Event: 1856.506 Thread 0x0000029ef8d86050 DEOPT UNPACKING pc=0x0000029e9e6b69a3 sp=0x000000bc039fd628 mode 2
Event: 1857.489 Thread 0x0000029ef8d86050 DEOPT PACKING pc=0x0000029e992387f2 sp=0x000000bc039fd7b0
Event: 1857.489 Thread 0x0000029ef8d86050 DEOPT UNPACKING pc=0x0000029e9e6b7143 sp=0x000000bc039fcc20 mode 0
Event: 1857.491 Thread 0x0000029ef8d86050 DEOPT PACKING pc=0x0000029e992387f2 sp=0x000000bc039fd7b0
Event: 1857.491 Thread 0x0000029ef8d86050 DEOPT UNPACKING pc=0x0000029e9e6b7143 sp=0x000000bc039fcc20 mode 0
Event: 1857.492 Thread 0x0000029ef8d86050 DEOPT PACKING pc=0x0000029e992387f2 sp=0x000000bc039fd820
Event: 1857.492 Thread 0x0000029ef8d86050 DEOPT UNPACKING pc=0x0000029e9e6b7143 sp=0x000000bc039fcc90 mode 0
Event: 1857.493 Thread 0x0000029ef8d86050 DEOPT PACKING pc=0x0000029e992387f2 sp=0x000000bc039fd850
Event: 1857.493 Thread 0x0000029ef8d86050 DEOPT UNPACKING pc=0x0000029e9e6b7143 sp=0x000000bc039fccc0 mode 0
Event: 1857.495 Thread 0x0000029ef8d86050 DEOPT PACKING pc=0x0000029e992387f2 sp=0x000000bc039fd850
Event: 1857.495 Thread 0x0000029ef8d86050 DEOPT UNPACKING pc=0x0000029e9e6b7143 sp=0x000000bc039fccc0 mode 0
Event: 1857.496 Thread 0x0000029ef8d86050 DEOPT PACKING pc=0x0000029e992387f2 sp=0x000000bc039fd850
Event: 1857.496 Thread 0x0000029ef8d86050 DEOPT UNPACKING pc=0x0000029e9e6b7143 sp=0x000000bc039fccc0 mode 0
Event: 1857.498 Thread 0x0000029ef8d86050 DEOPT PACKING pc=0x0000029e992387f2 sp=0x000000bc039fd850
Event: 1857.498 Thread 0x0000029ef8d86050 DEOPT UNPACKING pc=0x0000029e9e6b7143 sp=0x000000bc039fccc0 mode 0

Classes loaded (20 events):
Event: 1855.649 Loading class java/util/TreeMap$NavigableSubMap$EntrySetView done
Event: 1855.649 Loading class java/util/TreeMap$DescendingSubMap$DescendingEntrySetView done
Event: 1855.649 Loading class java/util/TreeMap$NavigableSubMap$DescendingSubMapEntryIterator
Event: 1855.649 Loading class java/util/TreeMap$NavigableSubMap$SubMapIterator
Event: 1855.649 Loading class java/util/TreeMap$NavigableSubMap$SubMapIterator done
Event: 1855.649 Loading class java/util/TreeMap$NavigableSubMap$DescendingSubMapEntryIterator done
Event: 1855.668 Loading class com/sun/org/apache/xerces/internal/dom/DeepNodeListImpl
Event: 1855.668 Loading class com/sun/org/apache/xerces/internal/dom/DeepNodeListImpl done
Event: 1856.294 Loading class java/util/concurrent/Executors$DelegatedScheduledExecutorService
Event: 1856.295 Loading class java/util/concurrent/Executors$DelegatedExecutorService
Event: 1856.295 Loading class java/util/concurrent/Executors$DelegatedExecutorService done
Event: 1856.295 Loading class java/util/concurrent/Executors$DelegatedScheduledExecutorService done
Event: 1857.436 Loading class java/util/zip/ZipInputStream
Event: 1857.437 Loading class java/util/zip/ZipInputStream done
Event: 1857.448 Loading class java/nio/file/FileChannelLinesSpliterator
Event: 1857.448 Loading class java/nio/file/FileChannelLinesSpliterator done
Event: 1857.449 Loading class java/util/stream/Streams$1
Event: 1857.449 Loading class java/util/stream/Streams$1 done
Event: 1857.465 Loading class java/nio/file/FileChannelLinesSpliterator$1
Event: 1857.465 Loading class java/nio/file/FileChannelLinesSpliterator$1 done

Classes unloaded (0 events):
No events

Classes redefined (0 events):
No events

Internal exceptions (20 events):
Event: 1855.615 Thread 0x0000029efa45b090 Exception <a 'java/lang/NoSuchMethodError'{0x00000007529c85a0}: 'java.lang.Object java.lang.invoke.DirectMethodHandle$Holder.newInvokeSpecial(java.lang.Object, java.lang.Object, int, java.lang.Object, java.lang.Object)'> (0x00000007529c85a0) 
thrown [s\src\hotspot\share\interpreter\linkResolver.cpp, line 759]
Event: 1855.744 Thread 0x0000029efa45b090 Exception <a 'sun/nio/fs/WindowsException'{0x0000000752148430}> (0x0000000752148430) 
thrown [s\src\hotspot\share\prims\jni.cpp, line 516]
Event: 1855.744 Thread 0x0000029efa45b090 Exception <a 'sun/nio/fs/WindowsException'{0x00000007521488a8}> (0x00000007521488a8) 
thrown [s\src\hotspot\share\prims\jni.cpp, line 516]
Event: 1855.745 Thread 0x0000029efa45b090 Exception <a 'sun/nio/fs/WindowsException'{0x000000075214a918}> (0x000000075214a918) 
thrown [s\src\hotspot\share\prims\jni.cpp, line 516]
Event: 1855.745 Thread 0x0000029efa45b090 Exception <a 'sun/nio/fs/WindowsException'{0x000000075214ad98}> (0x000000075214ad98) 
thrown [s\src\hotspot\share\prims\jni.cpp, line 516]
Event: 1855.928 Thread 0x0000029efa45b090 Exception <a 'sun/nio/fs/WindowsException'{0x00000007514b0f28}> (0x00000007514b0f28) 
thrown [s\src\hotspot\share\prims\jni.cpp, line 516]
Event: 1855.929 Thread 0x0000029efa45b090 Exception <a 'sun/nio/fs/WindowsException'{0x00000007514b13e8}> (0x00000007514b13e8) 
thrown [s\src\hotspot\share\prims\jni.cpp, line 516]
Event: 1855.931 Thread 0x0000029efa45b090 Exception <a 'sun/nio/fs/WindowsException'{0x00000007514b3498}> (0x00000007514b3498) 
thrown [s\src\hotspot\share\prims\jni.cpp, line 516]
Event: 1855.931 Thread 0x0000029efa45b090 Exception <a 'sun/nio/fs/WindowsException'{0x00000007514b3960}> (0x00000007514b3960) 
thrown [s\src\hotspot\share\prims\jni.cpp, line 516]
Event: 1855.946 Thread 0x0000029efa45b090 Implicit null exception at 0x0000029e9f3400c3 to 0x0000029e9f340414
Event: 1855.972 Thread 0x0000029efa459230 Exception <a 'sun/nio/fs/WindowsException'{0x00000007515f1378}> (0x00000007515f1378) 
thrown [s\src\hotspot\share\prims\jni.cpp, line 516]
Event: 1856.061 Thread 0x0000029efa459230 Exception <a 'sun/nio/fs/WindowsException'{0x0000000750e62e60}> (0x0000000750e62e60) 
thrown [s\src\hotspot\share\prims\jni.cpp, line 516]
Event: 1856.207 Thread 0x0000029efa45b090 Exception <a 'java/lang/NoSuchMethodError'{0x0000000750512198}: static Lcom/android/builder/internal/aapt/AaptOptions;.<clinit>()V> (0x0000000750512198) 
thrown [s\src\hotspot\share\prims\jni.cpp, line 1112]
Event: 1856.209 Thread 0x0000029efa45b090 Exception <a 'java/lang/NoSuchMethodError'{0x0000000750541b28}: static Lcom/android/build/api/variant/impl/SerializableApplicationMultiOutputHandler;.<clinit>()V> (0x0000000750541b28) 
thrown [s\src\hotspot\share\prims\jni.cpp, line 1112]
Event: 1856.209 Thread 0x0000029efa45b090 Exception <a 'java/lang/NoSuchMethodError'{0x0000000750557ce0}: static Lcom/android/build/api/variant/impl/VariantOutputImpl$SerializedForm;.<clinit>()V> (0x0000000750557ce0) 
thrown [s\src\hotspot\share\prims\jni.cpp, line 1112]
Event: 1856.210 Thread 0x0000029efa45b090 Exception <a 'java/lang/NoSuchMethodError'{0x000000075056c4c0}: static Lcom/android/build/api/variant/impl/VariantOutputConfigurationImpl;.<clinit>()V> (0x000000075056c4c0) 
thrown [s\src\hotspot\share\prims\jni.cpp, line 1112]
Event: 1856.222 Thread 0x0000029ef8d86050 Exception <a 'sun/nio/fs/WindowsException'{0x00000007502c0b80}> (0x00000007502c0b80) 
thrown [s\src\hotspot\share\prims\jni.cpp, line 516]
Event: 1856.222 Thread 0x0000029ef8d86050 Exception <a 'sun/nio/fs/WindowsException'{0x00000007502c1000}> (0x00000007502c1000) 
thrown [s\src\hotspot\share\prims\jni.cpp, line 516]
Event: 1856.223 Thread 0x0000029ef8d86050 Exception <a 'sun/nio/fs/WindowsException'{0x00000007502c20b0}> (0x00000007502c20b0) 
thrown [s\src\hotspot\share\prims\jni.cpp, line 516]
Event: 1856.224 Thread 0x0000029ef8d86050 Exception <a 'sun/nio/fs/WindowsException'{0x00000007502c2560}> (0x00000007502c2560) 
thrown [s\src\hotspot\share\prims\jni.cpp, line 516]

VM Operations (20 events):
Event: 1854.200 Executing VM operation: Cleanup
Event: 1854.200 Executing VM operation: Cleanup done
Event: 1855.200 Executing VM operation: Cleanup
Event: 1855.201 Executing VM operation: Cleanup done
Event: 1855.645 Executing VM operation: HandshakeAllThreads
Event: 1855.645 Executing VM operation: HandshakeAllThreads done
Event: 1855.659 Executing VM operation: HandshakeAllThreads
Event: 1855.659 Executing VM operation: HandshakeAllThreads done
Event: 1855.661 Executing VM operation: HandshakeAllThreads
Event: 1855.661 Executing VM operation: HandshakeAllThreads done
Event: 1855.761 Executing VM operation: ICBufferFull
Event: 1855.762 Executing VM operation: ICBufferFull done
Event: 1855.983 Executing VM operation: HandshakeAllThreads
Event: 1855.984 Executing VM operation: HandshakeAllThreads done
Event: 1856.282 Executing VM operation: HandshakeAllThreads
Event: 1856.283 Executing VM operation: HandshakeAllThreads done
Event: 1857.282 Executing VM operation: Cleanup
Event: 1857.282 Executing VM operation: Cleanup done
Event: 1857.534 Executing VM operation: G1CollectForAllocation
Event: 1857.550 Executing VM operation: G1CollectForAllocation done

Memory protections (0 events):
No events

Nmethod flushes (20 events):
Event: 1856.009 Thread 0x0000029eafc91e20 flushing  nmethod 0x0000029e9806fa10
Event: 1856.009 Thread 0x0000029eafc91e20 flushing  nmethod 0x0000029e98070510
Event: 1856.009 Thread 0x0000029eafc91e20 flushing  nmethod 0x0000029e98073790
Event: 1856.009 Thread 0x0000029eafc91e20 flushing  nmethod 0x0000029e98075910
Event: 1856.009 Thread 0x0000029eafc91e20 flushing  nmethod 0x0000029e98077c90
Event: 1856.009 Thread 0x0000029eafc91e20 flushing  nmethod 0x0000029e98079490
Event: 1856.009 Thread 0x0000029eafc91e20 flushing  nmethod 0x0000029e98084590
Event: 1856.009 Thread 0x0000029eafc91e20 flushing  nmethod 0x0000029e980a5990
Event: 1856.009 Thread 0x0000029eafc91e20 flushing  nmethod 0x0000029e980e1510
Event: 1856.010 Thread 0x0000029eafc91e20 flushing  nmethod 0x0000029e9810f090
Event: 1856.010 Thread 0x0000029eafc91e20 flushing  nmethod 0x0000029e98125a10
Event: 1856.010 Thread 0x0000029eafc91e20 flushing  nmethod 0x0000029e98127c90
Event: 1856.010 Thread 0x0000029eafc91e20 flushing  nmethod 0x0000029e98128a90
Event: 1856.010 Thread 0x0000029eafc91e20 flushing  nmethod 0x0000029e98144310
Event: 1856.010 Thread 0x0000029eafc91e20 flushing  nmethod 0x0000029e98145710
Event: 1856.010 Thread 0x0000029eafc91e20 flushing  nmethod 0x0000029e98148e90
Event: 1856.010 Thread 0x0000029eafc91e20 flushing  nmethod 0x0000029e98167310
Event: 1856.017 Thread 0x0000029eafc91e20 flushing  nmethod 0x0000029e9897b910
Event: 1856.018 Thread 0x0000029eafc91e20 flushing  nmethod 0x0000029e9897bc90
Event: 1856.023 Thread 0x0000029eafc91e20 flushing  nmethod 0x0000029e98d43c90

Events (20 events):
Event: 1854.328 Thread 0x0000029efa45bfc0 Thread added: 0x0000029efa45b090
Event: 1854.331 Thread 0x0000029efa45bfc0 Thread added: 0x0000029efa456ec0
Event: 1854.406 Thread 0x0000029efa4564a0 Thread added: 0x0000029efa45bab0
Event: 1854.412 Thread 0x0000029efa45bab0 Thread added: 0x0000029efa455060
Event: 1854.412 Thread 0x0000029efa45bab0 Thread added: 0x0000029efa45c9e0
Event: 1854.968 Thread 0x0000029ef52e2cd0 Thread exited: 0x0000029ef52e2cd0
Event: 1855.082 Thread 0x0000029eafc91010 Thread added: 0x0000029ef52e6740
Event: 1855.093 Thread 0x0000029efa4564a0 Thread added: 0x0000029efa455a80
Event: 1855.093 Thread 0x0000029efa4564a0 Thread added: 0x0000029efa455f90
Event: 1855.093 Thread 0x0000029efa4564a0 Thread added: 0x0000029ef712bc30
Event: 1855.094 Thread 0x0000029efa4564a0 Thread added: 0x0000029ef712a7f0
Event: 1855.094 Thread 0x0000029efa4564a0 Thread added: 0x0000029ef712b210
Event: 1855.946 Thread 0x0000029efa45b090 Thread added: 0x0000029ef8d86050
Event: 1856.120 Thread 0x0000029efa45b090 Thread added: 0x0000029ef8d84c10
Event: 1856.210 Thread 0x0000029efa45b090 Thread added: 0x0000029ef8d81970
Event: 1856.296 Thread 0x0000029ef8d86050 Thread added: 0x0000029ef8d86560
Event: 1856.307 Thread 0x0000029ef8d86050 Thread added: 0x0000029ef8d80530
Event: 1856.307 Thread 0x0000029ef8d86050 Thread added: 0x0000029ef8d81e80
Event: 1856.456 Thread 0x0000029ef52e6740 Thread exited: 0x0000029ef52e6740
Event: 1857.494 Thread 0x0000029eafc90350 Thread added: 0x0000029ef52e5750


Dynamic libraries:
0x00007ff76eda0000 - 0x00007ff76edae000 	C:\Users\maqiy\.jdks\corretto-17.0.13\bin\java.exe
0x00007fffb01f0000 - 0x00007fffb0407000 	C:\WINDOWS\SYSTEM32\ntdll.dll
0x00007fffae660000 - 0x00007fffae724000 	C:\WINDOWS\System32\KERNEL32.DLL
0x00007fffad7f0000 - 0x00007fffadb96000 	C:\WINDOWS\System32\KERNELBASE.dll
0x00007fffadba0000 - 0x00007fffadcb1000 	C:\WINDOWS\System32\ucrtbase.dll
0x00007fff2ff90000 - 0x00007fff2ffab000 	C:\Users\maqiy\.jdks\corretto-17.0.13\bin\VCRUNTIME140.dll
0x00007fff62310000 - 0x00007fff62327000 	C:\Users\maqiy\.jdks\corretto-17.0.13\bin\jli.dll
0x00007fffae010000 - 0x00007fffae1be000 	C:\WINDOWS\System32\USER32.dll
0x00007fffad750000 - 0x00007fffad776000 	C:\WINDOWS\System32\win32u.dll
0x00007fffae3a0000 - 0x00007fffae3c9000 	C:\WINDOWS\System32\GDI32.dll
0x00007fff9e250000 - 0x00007fff9e4e3000 	C:\WINDOWS\WinSxS\amd64_microsoft.windows.common-controls_6595b64144ccf1df_6.0.22621.2506_none_270c5ae97388e100\COMCTL32.dll
0x00007fffadcc0000 - 0x00007fffaddd8000 	C:\WINDOWS\System32\gdi32full.dll
0x00007fffae7b0000 - 0x00007fffae857000 	C:\WINDOWS\System32\msvcrt.dll
0x00007fffadde0000 - 0x00007fffade7a000 	C:\WINDOWS\System32\msvcp_win.dll
0x00007fffae860000 - 0x00007fffae891000 	C:\WINDOWS\System32\IMM32.DLL
0x00007fff649a0000 - 0x00007fff649ac000 	C:\Users\maqiy\.jdks\corretto-17.0.13\bin\vcruntime140_1.dll
0x00007fff28db0000 - 0x00007fff28e3d000 	C:\Users\maqiy\.jdks\corretto-17.0.13\bin\msvcp140.dll
0x00007fff219e0000 - 0x00007fff2264c000 	C:\Users\maqiy\.jdks\corretto-17.0.13\bin\server\jvm.dll
0x00007fffae3d0000 - 0x00007fffae481000 	C:\WINDOWS\System32\ADVAPI32.dll
0x00007fffadf50000 - 0x00007fffadff5000 	C:\WINDOWS\System32\sechost.dll
0x00007fffafa60000 - 0x00007fffafb77000 	C:\WINDOWS\System32\RPCRT4.dll
0x00007fffae490000 - 0x00007fffae501000 	C:\WINDOWS\System32\WS2_32.dll
0x00007fffacd30000 - 0x00007fffacd7d000 	C:\WINDOWS\SYSTEM32\POWRPROF.dll
0x00007fffa02b0000 - 0x00007fffa02e4000 	C:\WINDOWS\SYSTEM32\WINMM.dll
0x00007fffa6560000 - 0x00007fffa656a000 	C:\WINDOWS\SYSTEM32\VERSION.dll
0x00007fffacce0000 - 0x00007fffaccf3000 	C:\WINDOWS\SYSTEM32\UMPDC.dll
0x00007fffac560000 - 0x00007fffac578000 	C:\WINDOWS\SYSTEM32\kernel.appcore.dll
0x00007fff2ff80000 - 0x00007fff2ff8a000 	C:\Users\maqiy\.jdks\corretto-17.0.13\bin\jimage.dll
0x00007fffaabd0000 - 0x00007fffaae03000 	C:\WINDOWS\SYSTEM32\DBGHELP.DLL
0x00007fffaf6b0000 - 0x00007fffafa39000 	C:\WINDOWS\System32\combase.dll
0x00007fffae1c0000 - 0x00007fffae297000 	C:\WINDOWS\System32\OLEAUT32.dll
0x00007fff8e8e0000 - 0x00007fff8e912000 	C:\WINDOWS\SYSTEM32\dbgcore.DLL
0x00007fffad560000 - 0x00007fffad5da000 	C:\WINDOWS\System32\bcryptPrimitives.dll
0x00007fff2ff70000 - 0x00007fff2ff7e000 	C:\Users\maqiy\.jdks\corretto-17.0.13\bin\instrument.dll
0x00007fff2ff40000 - 0x00007fff2ff65000 	C:\Users\maqiy\.jdks\corretto-17.0.13\bin\java.dll
0x00007fff28b50000 - 0x00007fff28c27000 	C:\Users\maqiy\.jdks\corretto-17.0.13\bin\jsvml.dll
0x00007fffaedf0000 - 0x00007fffaf64a000 	C:\WINDOWS\System32\SHELL32.dll
0x00007fffab480000 - 0x00007fffabd76000 	C:\WINDOWS\SYSTEM32\windows.storage.dll
0x00007fffab340000 - 0x00007fffab47e000 	C:\WINDOWS\SYSTEM32\wintypes.dll
0x00007fffafb80000 - 0x00007fffafc73000 	C:\WINDOWS\System32\SHCORE.dll
0x00007fffaf650000 - 0x00007fffaf6ae000 	C:\WINDOWS\System32\shlwapi.dll
0x00007fffad490000 - 0x00007fffad4b6000 	C:\WINDOWS\SYSTEM32\profapi.dll
0x00007fff2ff20000 - 0x00007fff2ff38000 	C:\Users\maqiy\.jdks\corretto-17.0.13\bin\zip.dll
0x00007fff2f580000 - 0x00007fff2f599000 	C:\Users\maqiy\.jdks\corretto-17.0.13\bin\net.dll
0x00007fffa6fe0000 - 0x00007fffa7117000 	C:\WINDOWS\SYSTEM32\WINHTTP.dll
0x00007fffaca50000 - 0x00007fffacab9000 	C:\WINDOWS\system32\mswsock.dll
0x00007fff2f560000 - 0x00007fff2f576000 	C:\Users\maqiy\.jdks\corretto-17.0.13\bin\nio.dll
0x00007fff2a530000 - 0x00007fff2a540000 	C:\Users\maqiy\.jdks\corretto-17.0.13\bin\verify.dll
0x00007fffa7710000 - 0x00007fffa7737000 	C:\Users\maqiy\.gradle\native\c067742578af261105cb4f569cf0c3c89f3d7b1fecec35dd04571415982c5e48\windows-amd64\native-platform.dll
0x00007fff22fc0000 - 0x00007fff23104000 	C:\Users\maqiy\.gradle\native\38dada09dfb8b06ba9b0570ebf7e218e3eb74d4ef43ca46872605cf95ebc2f47\windows-amd64\native-platform-file-events.dll
0x00007fff2a520000 - 0x00007fff2a529000 	C:\Users\maqiy\.jdks\corretto-17.0.13\bin\management.dll
0x00007fff2a510000 - 0x00007fff2a51b000 	C:\Users\maqiy\.jdks\corretto-17.0.13\bin\management_ext.dll
0x00007fffaec10000 - 0x00007fffaec18000 	C:\WINDOWS\System32\PSAPI.DLL
0x00007fffaccc0000 - 0x00007fffaccdb000 	C:\WINDOWS\SYSTEM32\CRYPTSP.dll
0x00007fffac4c0000 - 0x00007fffac4f5000 	C:\WINDOWS\system32\rsaenh.dll
0x00007fffacb40000 - 0x00007fffacb6c000 	C:\WINDOWS\SYSTEM32\USERENV.dll
0x00007fffacef0000 - 0x00007fffacf18000 	C:\WINDOWS\SYSTEM32\bcrypt.dll
0x00007fffaccb0000 - 0x00007fffaccbc000 	C:\WINDOWS\SYSTEM32\CRYPTBASE.dll
0x00007fffabfe0000 - 0x00007fffac00d000 	C:\WINDOWS\SYSTEM32\IPHLPAPI.DLL
0x00007fffaede0000 - 0x00007fffaede9000 	C:\WINDOWS\System32\NSI.dll
0x00007fffa6ee0000 - 0x00007fffa6ef9000 	C:\WINDOWS\SYSTEM32\dhcpcsvc6.DLL
0x00007fffa6f50000 - 0x00007fffa6f6f000 	C:\WINDOWS\SYSTEM32\dhcpcsvc.DLL
0x00007fffac050000 - 0x00007fffac149000 	C:\WINDOWS\SYSTEM32\DNSAPI.dll
0x00007fff2a500000 - 0x00007fff2a509000 	C:\Users\maqiy\.jdks\corretto-17.0.13\bin\extnet.dll
0x00007fff28da0000 - 0x00007fff28dae000 	C:\Users\maqiy\.jdks\corretto-17.0.13\bin\sunmscapi.dll
0x00007fffad5e0000 - 0x00007fffad746000 	C:\WINDOWS\System32\CRYPT32.dll
0x00007fffacec0000 - 0x00007fffaceed000 	C:\WINDOWS\SYSTEM32\ncrypt.dll
0x00007ffface80000 - 0x00007fffaceb7000 	C:\WINDOWS\SYSTEM32\NTASN1.dll
0x00007fff8e8b0000 - 0x00007fff8e8b8000 	C:\WINDOWS\system32\wshunix.dll
0x00007fff894b0000 - 0x00007fff894c7000 	C:\WINDOWS\system32\napinsp.dll
0x00007fff89490000 - 0x00007fff894ab000 	C:\WINDOWS\system32\pnrpnsp.dll
0x00007fff89370000 - 0x00007fff89381000 	C:\WINDOWS\System32\winrnr.dll
0x00007fffa6600000 - 0x00007fffa6615000 	C:\WINDOWS\system32\wshbth.dll
0x00007fff89460000 - 0x00007fff89481000 	C:\WINDOWS\system32\nlansp_c.dll
0x00007fffa7180000 - 0x00007fffa718a000 	C:\Windows\System32\rasadhlp.dll
0x00007fffa6570000 - 0x00007fffa65f3000 	C:\WINDOWS\System32\fwpuclnt.dll
0x00007fffa8390000 - 0x00007fffa83ae000 	C:\Users\maqiy\AppData\Local\Temp\native-platform9724965899256593374dir\native-platform.dll
0x00007fffa8380000 - 0x00007fffa8387000 	C:\Users\maqiy\.jdks\corretto-17.0.13\bin\rmi.dll

dbghelp: loaded successfully - version: 4.0.5 - missing functions: none
symbol engine: initialized successfully - sym options: 0x614 - pdb path: .;C:\Users\maqiy\.jdks\corretto-17.0.13\bin;C:\WINDOWS\SYSTEM32;C:\WINDOWS\WinSxS\amd64_microsoft.windows.common-controls_6595b64144ccf1df_6.0.22621.2506_none_270c5ae97388e100;C:\Users\maqiy\.jdks\corretto-17.0.13\bin\server;C:\Users\maqiy\.gradle\native\c067742578af261105cb4f569cf0c3c89f3d7b1fecec35dd04571415982c5e48\windows-amd64;C:\Users\maqiy\.gradle\native\38dada09dfb8b06ba9b0570ebf7e218e3eb74d4ef43ca46872605cf95ebc2f47\windows-amd64;C:\Users\maqiy\AppData\Local\Temp\native-platform9724965899256593374dir

VM Arguments:
jvm_args: --add-opens=java.base/java.util=ALL-UNNAMED --add-opens=java.base/java.lang=ALL-UNNAMED --add-opens=java.base/java.lang.invoke=ALL-UNNAMED --add-opens=java.prefs/java.util.prefs=ALL-UNNAMED --add-opens=java.base/java.nio.charset=ALL-UNNAMED --add-opens=java.base/java.net=ALL-UNNAMED --add-opens=java.base/java.util.concurrent.atomic=ALL-UNNAMED -Xmx3072m -Dfile.encoding=UTF-8 -Duser.country=CN -Duser.language=zh -Duser.variant -javaagent:C:\Users\maqiy\.gradle\wrapper\dists\gradle-8.7-bin\bhs2wmbdwecv87pi65oeuq5iu\gradle-8.7\lib\agents\gradle-instrumentation-agent-8.7.jar 
java_command: org.gradle.launcher.daemon.bootstrap.GradleDaemon 8.7
java_class_path (initial): C:\Users\maqiy\.gradle\wrapper\dists\gradle-8.7-bin\bhs2wmbdwecv87pi65oeuq5iu\gradle-8.7\lib\gradle-launcher-8.7.jar
Launcher Type: SUN_STANDARD

[Global flags]
     intx CICompilerCount                          = 3                                         {product} {ergonomic}
     uint ConcGCThreads                            = 2                                         {product} {ergonomic}
     uint G1ConcRefinementThreads                  = 6                                         {product} {ergonomic}
   size_t G1HeapRegionSize                         = 2097152                                   {product} {ergonomic}
    uintx GCDrainStackTargetSize                   = 64                                        {product} {ergonomic}
   size_t InitialHeapSize                          = 268435456                                 {product} {ergonomic}
   size_t MarkStackSize                            = 4194304                                   {product} {ergonomic}
   size_t MaxHeapSize                              = 3221225472                                {product} {command line}
   size_t MaxNewSize                               = 1931476992                                {product} {ergonomic}
   size_t MinHeapDeltaBytes                        = 2097152                                   {product} {ergonomic}
   size_t MinHeapSize                              = 8388608                                   {product} {ergonomic}
    uintx NonNMethodCodeHeapSize                   = 5832780                                {pd product} {ergonomic}
    uintx NonProfiledCodeHeapSize                  = 122912730                              {pd product} {ergonomic}
    uintx ProfiledCodeHeapSize                     = 122912730                              {pd product} {ergonomic}
    uintx ReservedCodeCacheSize                    = 251658240                              {pd product} {ergonomic}
     bool SegmentedCodeCache                       = true                                      {product} {ergonomic}
   size_t SoftMaxHeapSize                          = 3221225472                             {manageable} {ergonomic}
     bool UseCompressedClassPointers               = true                           {product lp64_product} {ergonomic}
     bool UseCompressedOops                        = true                           {product lp64_product} {ergonomic}
     bool UseG1GC                                  = true                                      {product} {ergonomic}
     bool UseLargePagesIndividualAllocation        = false                                  {pd product} {ergonomic}

Logging:
Log output configuration:
 #0: stdout all=warning uptime,level,tags
 #1: stderr all=off uptime,level,tags

Environment Variables:
JAVA_HOME=C:\Program Files\Java\jdk1.8.0_301
CLASSPATH=.;C:\Program Files\Java\jdk1.8.0_301\lib;C:\Program Files\Java\jdk1.8.0_301\lib\tools.jar;
PATH=C:\Program Files (x86)\Razer\ChromaBroadcast\bin;C:\Program Files\Razer\ChromaBroadcast\bin;C:\ProgramData\Oracle\Java\javapath;C:\Program Files (x86)\Common Files\Intel\Shared Libraries\redist\intel64\compiler;D:\ImageMagick-7.1.0-Q16-HDRI;C:\Windows\system32;C:\Windows;C:\Windows\System32\Wbem;C:\Windows\System32\WindowsPowerShell\v1.0\;C:\Windows\System32\OpenSSH\;C:\Program Files\dotnet\;C:\Program Files (x86)\Intel\Intel(R) Management Engine Components\DAL;C:\Program Files\Intel\Intel(R) Management Engine Components\DAL;D:\Git\cmd;D:\Ue;D:\Mvn\apache-maven-3.8.5\bin;C:\Program Files\MongoDB\Server\4.0\bin;D:\Tencent\wechatDevTools\dll;C:\Program Files\Java\jdk1.8.0_301\bin;C:\Program Files\Java\jdk1.8.0_301\jre\bin;D:\PuTTY\;C:\Windows\system32\config\systemprofile\AppData\Local\Microsoft\WindowsApps;C:\Program Files (x86)\AOMEI\AOMEI Backupper\6.9.1;C:\Program Files (x86)\NVIDIA Corporation\PhysX\Common;C:\WINDOWS\system32;C:\WINDOWS;C:\WINDOWS\System32\Wbem;C:\WINDOWS\System32\WindowsPowerShell\v1.0\;C:\WINDOWS\System32\OpenSSH\;D:\pcsuite\;C:\Users\maqiy\AppData\Roaming\nvm;C:\Program Files\nodejs;D:\nodejs\;C:\Program Files\Microsoft SQL Server\150\Tools\Binn\;C:\Program Files (x86)\ZeroTier\One\;c:\Users\maqiy\AppData\Local\Programs\cursor\resources\app\bin;C:\Users\maqiy\AppData\Local\Programs\Python\Python312\Scripts\;C:\Users\maqiy\AppData\Local\Programs\Python\Python312\;C:\Users\maqiy\AppData\Local\Programs\Python\Python310\Scripts\;C:\Users\maqiy\AppData\Local\Programs\Python\Python310\;C:\Users\maqiy\AppData\Local\Programs\Python\Launcher\;C:\Users\maqiy\AppData\Local\Microsoft\WindowsApps;D:\Tencent\QQGameTempest\Hall.57773\;C:\Users\maqiy\.dotnet\tools;D:\adb;node_global;D:\Fiddler;D:\Download\dart-sass-1.53.0-windows-x64\dart-sass\src;C:\Users\maqiy\AppData\Local\Microsoft\WindowsApps;D:\JetBrains\IntelliJ IDEA 2024.1.4\bin;;C:\Users\maqiy\AppData\Roaming\nvm;C:\Program Files\nodejs;D:\ VSCode\bin;C:\Users\maqiy\AppData\Roaming\npm;C:\Users\maq
USERNAME=QY_MA
OS=Windows_NT
PROCESSOR_IDENTIFIER=Intel64 Family 6 Model 158 Stepping 13, GenuineIntel
TMP=C:\Users\maqiy\AppData\Local\Temp
TEMP=C:\Users\maqiy\AppData\Local\Temp



Periodic native trim disabled


---------------  S Y S T E M  ---------------

OS:
 Windows 11 , 64 bit Build 22621 (10.0.22621.2506)
OS uptime: 0 days 0:38 hours

CPU: total 6 (initial active 6) (6 cores per cpu, 1 threads per core) family 6 model 158 stepping 13 microcode 0xde, cx8, cmov, fxsr, mmx, 3dnowpref, sse, sse2, sse3, ssse3, sse4.1, sse4.2, popcnt, lzcnt, tsc, tscinvbit, avx, avx2, aes, erms, clmul, bmi1, bmi2, adx, fma, vzeroupper, clflush, clflushopt
Processor Information for all 6 processors :
  Max Mhz: 3696, Current Mhz: 3696, Mhz Limit: 3696

Memory: 4k page, system-wide physical 16300M (3054M free)
TotalPageFile size 31660M (AvailPageFile size 12331M)
current process WorkingSet (physical memory assigned to process): 618M, peak: 696M
current process commit charge ("private bytes"): 739M, peak: 741M

vm_info: OpenJDK 64-Bit Server VM (17.0.13+11-LTS) for windows-amd64 JRE (17.0.13+11-LTS), built on Oct 10 2024 19:51:30 by "Administrator" with MS VC++ 16.10 / 16.11 (VS2019)

END.
